Dec 21, 2024 11:24:35 AM InterviewByCompany.Cloudkitchens.KitchenOrderSystem main
INFO: Current working directory: /Users/liziyang/workplace/leetcode/leetcode
Dec 21, 2024 11:24:35 AM InterviewByCompany.Cloudkitchens.Shelf placeOrder
INFO: Placed Order{id='a8cfcb76-7f24-4420-a5ba-d46dd77bdffd', name='Banana Split', temp='frozen', value=0.00} on Frozen Shelf
Dec 21, 2024 11:24:35 AM InterviewByCompany.Cloudkitchens.Shelf placeOrder
INFO: Initialized Order ID a8cfcb76-7f24-4420-a5ba-d46dd77bdffd with value 1.00
Dec 21, 2024 11:24:36 AM InterviewByCompany.Cloudkitchens.Shelf placeOrder
INFO: Placed Order{id='58e9b5fe-3fde-4a27-8e98-682e58a4a65d', name='McFlury', temp='frozen', value=0.00} on Frozen Shelf
Dec 21, 2024 11:24:36 AM InterviewByCompany.Cloudkitchens.Shelf placeOrder
INFO: Initialized Order ID 58e9b5fe-3fde-4a27-8e98-682e58a4a65d with value 1.00
Dec 21, 2024 11:24:36 AM InterviewByCompany.Cloudkitchens.Shelf placeOrder
INFO: Placed Order{id='2ec069e3-576f-48eb-869f-74a540ef840c', name='Acai Bowl', temp='cold', value=0.00} on Cold Shelf
Dec 21, 2024 11:24:36 AM InterviewByCompany.Cloudkitchens.Shelf placeOrder
INFO: Initialized Order ID 2ec069e3-576f-48eb-869f-74a540ef840c with value 1.00
Dec 21, 2024 11:24:37 AM InterviewByCompany.Cloudkitchens.Shelf placeOrder
INFO: Placed Order{id='690b85f7-8c7d-4337-bd02-04e04454c826', name='Yogurt', temp='cold', value=0.00} on Cold Shelf
Dec 21, 2024 11:24:37 AM InterviewByCompany.Cloudkitchens.Shelf placeOrder
INFO: Initialized Order ID 690b85f7-8c7d-4337-bd02-04e04454c826 with value 1.00
Dec 21, 2024 11:24:37 AM InterviewByCompany.Cloudkitchens.Shelf placeOrder
INFO: Placed Order{id='972aa5b8-5d83-4d5e-8cf3-8a1a1437b18a', name='Chocolate Gelato', temp='frozen', value=0.00} on Frozen Shelf
Dec 21, 2024 11:24:37 AM InterviewByCompany.Cloudkitchens.Shelf placeOrder
INFO: Initialized Order ID 972aa5b8-5d83-4d5e-8cf3-8a1a1437b18a with value 1.00
Dec 21, 2024 11:24:38 AM InterviewByCompany.Cloudkitchens.Shelf placeOrder
INFO: Placed Order{id='c18e1242-0856-4203-a98c-7066ead3bd6b', name='Cobb Salad', temp='cold', value=0.00} on Cold Shelf
Dec 21, 2024 11:24:38 AM InterviewByCompany.Cloudkitchens.Shelf placeOrder
INFO: Initialized Order ID c18e1242-0856-4203-a98c-7066ead3bd6b with value 1.00
Dec 21, 2024 11:24:38 AM InterviewByCompany.Cloudkitchens.Shelf placeOrder
INFO: Placed Order{id='66a2611c-9a93-4ccd-bb85-98f423247bf9', name='Cottage Cheese', temp='cold', value=0.00} on Cold Shelf
Dec 21, 2024 11:24:38 AM InterviewByCompany.Cloudkitchens.Shelf placeOrder
INFO: Initialized Order ID 66a2611c-9a93-4ccd-bb85-98f423247bf9 with value 1.00
Dec 21, 2024 11:24:39 AM InterviewByCompany.Cloudkitchens.Courier run
INFO: Courier picked up and delivered Order{id='690b85f7-8c7d-4337-bd02-04e04454c826', name='Yogurt', temp='cold', value=1.00} after 2 seconds.
Dec 21, 2024 11:24:39 AM InterviewByCompany.Cloudkitchens.Shelf placeOrder
INFO: Placed Order{id='4cc9d503-4e0e-42a3-b200-87c785468df9', name='Coke', temp='cold', value=0.00} on Cold Shelf
Dec 21, 2024 11:24:39 AM InterviewByCompany.Cloudkitchens.Shelf placeOrder
INFO: Initialized Order ID 4cc9d503-4e0e-42a3-b200-87c785468df9 with value 1.00
Dec 21, 2024 11:24:39 AM InterviewByCompany.Cloudkitchens.Courier run
INFO: Courier picked up and delivered Order{id='a8cfcb76-7f24-4420-a5ba-d46dd77bdffd', name='Banana Split', temp='frozen', value=0.87} after 4 seconds.
Dec 21, 2024 11:24:39 AM InterviewByCompany.Cloudkitchens.Shelf placeOrder
INFO: Placed Order{id='0a6537d7-9568-400e-9857-7aceb4e7347c', name='Snow Cone', temp='frozen', value=0.00} on Frozen Shelf
Dec 21, 2024 11:24:39 AM InterviewByCompany.Cloudkitchens.Shelf placeOrder
INFO: Initialized Order ID 0a6537d7-9568-400e-9857-7aceb4e7347c with value 1.00
Dec 21, 2024 11:24:40 AM InterviewByCompany.Cloudkitchens.Courier run
INFO: Courier picked up and delivered Order{id='58e9b5fe-3fde-4a27-8e98-682e58a4a65d', name='McFlury', temp='frozen', value=1.00} after 4 seconds.
Dec 21, 2024 11:24:40 AM InterviewByCompany.Cloudkitchens.Shelf placeOrder
INFO: Placed Order{id='74e0893f-8544-4298-b507-9cf5ab847d83', name='Pad See Ew', temp='hot', value=0.00} on Hot Shelf
Dec 21, 2024 11:24:40 AM InterviewByCompany.Cloudkitchens.Shelf placeOrder
INFO: Initialized Order ID 74e0893f-8544-4298-b507-9cf5ab847d83 with value 1.00
Dec 21, 2024 11:24:40 AM InterviewByCompany.Cloudkitchens.Courier run
INFO: Courier picked up and delivered Order{id='2ec069e3-576f-48eb-869f-74a540ef840c', name='Acai Bowl', temp='cold', value=1.00} after 4 seconds.
Dec 21, 2024 11:24:40 AM InterviewByCompany.Cloudkitchens.Courier run
INFO: Courier picked up and delivered Order{id='972aa5b8-5d83-4d5e-8cf3-8a1a1437b18a', name='Chocolate Gelato', temp='frozen', value=0.99} after 3 seconds.
Dec 21, 2024 11:24:40 AM InterviewByCompany.Cloudkitchens.Shelf placeOrder
INFO: Placed Order{id='7a5ea4ed-e378-4354-8ab3-a09cf563f621', name='Chunky Monkey', temp='frozen', value=0.00} on Frozen Shelf
Dec 21, 2024 11:24:40 AM InterviewByCompany.Cloudkitchens.Shelf placeOrder
INFO: Initialized Order ID 7a5ea4ed-e378-4354-8ab3-a09cf563f621 with value 1.00
Dec 21, 2024 11:24:41 AM InterviewByCompany.Cloudkitchens.Shelf placeOrder
INFO: Placed Order{id='60fbe431-7f7f-46c5-8ecf-6a26ae898685', name='Beef Stew', temp='hot', value=0.00} on Hot Shelf
Dec 21, 2024 11:24:41 AM InterviewByCompany.Cloudkitchens.Shelf placeOrder
INFO: Initialized Order ID 60fbe431-7f7f-46c5-8ecf-6a26ae898685 with value 1.00
Dec 21, 2024 11:24:41 AM InterviewByCompany.Cloudkitchens.Shelf placeOrder
INFO: Placed Order{id='2e7f4153-92cb-43e2-96f4-d77e2f25422b', name='Cheese', temp='cold', value=0.00} on Cold Shelf
Dec 21, 2024 11:24:41 AM InterviewByCompany.Cloudkitchens.Shelf placeOrder
INFO: Initialized Order ID 2e7f4153-92cb-43e2-96f4-d77e2f25422b with value 1.00
Dec 21, 2024 11:24:42 AM InterviewByCompany.Cloudkitchens.Shelf placeOrder
INFO: Placed Order{id='d4ead98f-a158-429c-9c0d-28ab0fa830a6', name='Spinach Omelet', temp='hot', value=0.00} on Hot Shelf
Dec 21, 2024 11:24:42 AM InterviewByCompany.Cloudkitchens.Shelf placeOrder
INFO: Initialized Order ID d4ead98f-a158-429c-9c0d-28ab0fa830a6 with value 1.00
Dec 21, 2024 11:24:42 AM InterviewByCompany.Cloudkitchens.Shelf placeOrder
INFO: Placed Order{id='e868e485-c759-411b-b439-ca7086326bf6', name='Beef Hash', temp='hot', value=0.00} on Hot Shelf
Dec 21, 2024 11:24:42 AM InterviewByCompany.Cloudkitchens.Shelf placeOrder
INFO: Initialized Order ID e868e485-c759-411b-b439-ca7086326bf6 with value 1.00
Dec 21, 2024 11:24:43 AM InterviewByCompany.Cloudkitchens.Courier run
INFO: Courier picked up and delivered Order{id='c18e1242-0856-4203-a98c-7066ead3bd6b', name='Cobb Salad', temp='cold', value=1.00} after 5 seconds.
Dec 21, 2024 11:24:43 AM InterviewByCompany.Cloudkitchens.Courier run
INFO: Courier picked up and delivered Order{id='4cc9d503-4e0e-42a3-b200-87c785468df9', name='Coke', temp='cold', value=1.00} after 4 seconds.
Dec 21, 2024 11:24:43 AM InterviewByCompany.Cloudkitchens.Shelf placeOrder
INFO: Placed Order{id='2bfc7ca9-d8ea-4625-9a03-6aa4b5fb635e', name='Pork Chop', temp='hot', value=0.00} on Hot Shelf
Dec 21, 2024 11:24:43 AM InterviewByCompany.Cloudkitchens.Shelf placeOrder
INFO: Initialized Order ID 2bfc7ca9-d8ea-4625-9a03-6aa4b5fb635e with value 1.00
Dec 21, 2024 11:24:43 AM InterviewByCompany.Cloudkitchens.Courier run
INFO: Courier picked up and delivered Order{id='0a6537d7-9568-400e-9857-7aceb4e7347c', name='Snow Cone', temp='frozen', value=0.93} after 4 seconds.
Dec 21, 2024 11:24:43 AM InterviewByCompany.Cloudkitchens.Shelf placeOrder
INFO: Placed Order{id='1a4d0e6d-e50e-4ec0-ad5d-0f33e6a724e6', name='Kale Salad', temp='cold', value=0.00} on Cold Shelf
Dec 21, 2024 11:24:43 AM InterviewByCompany.Cloudkitchens.Shelf placeOrder
INFO: Initialized Order ID 1a4d0e6d-e50e-4ec0-ad5d-0f33e6a724e6 with value 1.00
Dec 21, 2024 11:24:44 AM InterviewByCompany.Cloudkitchens.Courier run
INFO: Courier picked up and delivered Order{id='d4ead98f-a158-429c-9c0d-28ab0fa830a6', name='Spinach Omelet', temp='hot', value=0.99} after 2 seconds.
Dec 21, 2024 11:24:44 AM InterviewByCompany.Cloudkitchens.Shelf placeOrder
INFO: Placed Order{id='a9f8f42f-7a58-4629-8b66-1acbf362f3b8', name='Fresh Fruit', temp='cold', value=0.00} on Cold Shelf
Dec 21, 2024 11:24:44 AM InterviewByCompany.Cloudkitchens.Shelf placeOrder
INFO: Initialized Order ID a9f8f42f-7a58-4629-8b66-1acbf362f3b8 with value 1.00
Dec 21, 2024 11:24:44 AM InterviewByCompany.Cloudkitchens.Courier run
INFO: Courier picked up and delivered Order{id='66a2611c-9a93-4ccd-bb85-98f423247bf9', name='Cottage Cheese', temp='cold', value=0.99} after 6 seconds.
Dec 21, 2024 11:24:44 AM InterviewByCompany.Cloudkitchens.Shelf placeOrder
INFO: Placed Order{id='6d2c9eb3-6ff8-408a-a60d-e60eaa467dae', name='Cranberry Salad', temp='cold', value=0.00} on Cold Shelf
Dec 21, 2024 11:24:44 AM InterviewByCompany.Cloudkitchens.Shelf placeOrder
INFO: Initialized Order ID 6d2c9eb3-6ff8-408a-a60d-e60eaa467dae with value 1.00
Dec 21, 2024 11:24:45 AM InterviewByCompany.Cloudkitchens.Courier run
INFO: Courier picked up and delivered Order{id='74e0893f-8544-4298-b507-9cf5ab847d83', name='Pad See Ew', temp='hot', value=0.98} after 5 seconds.
Dec 21, 2024 11:24:45 AM InterviewByCompany.Cloudkitchens.Shelf placeOrder
INFO: Placed Order{id='916ddba3-9c25-4065-8a90-ecf5c40c8394', name='Fudge Ice Cream Cake', temp='frozen', value=0.00} on Frozen Shelf
Dec 21, 2024 11:24:45 AM InterviewByCompany.Cloudkitchens.Shelf placeOrder
INFO: Initialized Order ID 916ddba3-9c25-4065-8a90-ecf5c40c8394 with value 1.00
Dec 21, 2024 11:24:45 AM InterviewByCompany.Cloudkitchens.KitchenOrderSystem lambda$main$0
INFO: Running scheduled cleanup of expired orders...
Dec 21, 2024 11:24:45 AM InterviewByCompany.Cloudkitchens.Courier run
INFO: Courier picked up and delivered Order{id='7a5ea4ed-e378-4354-8ab3-a09cf563f621', name='Chunky Monkey', temp='frozen', value=0.99} after 5 seconds.
Dec 21, 2024 11:24:45 AM InterviewByCompany.Cloudkitchens.Courier run
INFO: Courier picked up and delivered Order{id='e868e485-c759-411b-b439-ca7086326bf6', name='Beef Hash', temp='hot', value=0.93} after 3 seconds.
Dec 21, 2024 11:24:45 AM InterviewByCompany.Cloudkitchens.Shelf placeOrder
INFO: Placed Order{id='23f5cb3a-fa51-49ad-9e29-83e98d6e7d6f', name='Mint Chocolate Ice Cream', temp='frozen', value=0.00} on Frozen Shelf
Dec 21, 2024 11:24:45 AM InterviewByCompany.Cloudkitchens.Shelf placeOrder
INFO: Initialized Order ID 23f5cb3a-fa51-49ad-9e29-83e98d6e7d6f with value 1.00
Dec 21, 2024 11:24:46 AM InterviewByCompany.Cloudkitchens.Courier run
INFO: Courier picked up and delivered Order{id='a9f8f42f-7a58-4629-8b66-1acbf362f3b8', name='Fresh Fruit', temp='cold', value=1.00} after 2 seconds.
Dec 21, 2024 11:24:46 AM InterviewByCompany.Cloudkitchens.Shelf placeOrder
INFO: Placed Order{id='c700ab30-d7bd-4e45-aafb-4329876c716c', name='Vegan Pizza', temp='hot', value=0.00} on Hot Shelf
Dec 21, 2024 11:24:46 AM InterviewByCompany.Cloudkitchens.Shelf placeOrder
INFO: Initialized Order ID c700ab30-d7bd-4e45-aafb-4329876c716c with value 1.00
Dec 21, 2024 11:24:46 AM InterviewByCompany.Cloudkitchens.Courier run
INFO: Courier picked up and delivered Order{id='2e7f4153-92cb-43e2-96f4-d77e2f25422b', name='Cheese', temp='cold', value=1.00} after 5 seconds.
Dec 21, 2024 11:24:46 AM InterviewByCompany.Cloudkitchens.Courier run
INFO: Courier picked up and delivered Order{id='6d2c9eb3-6ff8-408a-a60d-e60eaa467dae', name='Cranberry Salad', temp='cold', value=1.00} after 2 seconds.
Dec 21, 2024 11:24:46 AM InterviewByCompany.Cloudkitchens.Shelf placeOrder
INFO: Placed Order{id='cf0932a9-533c-4603-bb1e-512c6e697b92', name='Orange Chicken', temp='hot', value=0.00} on Hot Shelf
Dec 21, 2024 11:24:46 AM InterviewByCompany.Cloudkitchens.Shelf placeOrder
INFO: Initialized Order ID cf0932a9-533c-4603-bb1e-512c6e697b92 with value 1.00
Dec 21, 2024 11:24:47 AM InterviewByCompany.Cloudkitchens.Courier run
INFO: Courier picked up and delivered Order{id='60fbe431-7f7f-46c5-8ecf-6a26ae898685', name='Beef Stew', temp='hot', value=0.98} after 6 seconds.
Dec 21, 2024 11:24:47 AM InterviewByCompany.Cloudkitchens.Shelf placeOrder
INFO: Placed Order{id='ed05dafe-d928-4f1a-856d-1dab3868acbd', name='MeatLoaf', temp='hot', value=0.00} on Hot Shelf
Dec 21, 2024 11:24:47 AM InterviewByCompany.Cloudkitchens.Shelf placeOrder
INFO: Initialized Order ID ed05dafe-d928-4f1a-856d-1dab3868acbd with value 1.00
Dec 21, 2024 11:24:47 AM InterviewByCompany.Cloudkitchens.Shelf placeOrder
INFO: Placed Order{id='53f012e3-da55-4314-b2e6-28e63f0418ad', name='Milk', temp='cold', value=0.00} on Cold Shelf
Dec 21, 2024 11:24:47 AM InterviewByCompany.Cloudkitchens.Shelf placeOrder
INFO: Initialized Order ID 53f012e3-da55-4314-b2e6-28e63f0418ad with value 1.00
Dec 21, 2024 11:24:48 AM InterviewByCompany.Cloudkitchens.Courier run
INFO: Courier picked up and delivered Order{id='2bfc7ca9-d8ea-4625-9a03-6aa4b5fb635e', name='Pork Chop', temp='hot', value=0.98} after 5 seconds.
Dec 21, 2024 11:24:48 AM InterviewByCompany.Cloudkitchens.Shelf placeOrder
INFO: Placed Order{id='5dd79771-4536-4eaa-b64c-63ac606f1357', name='Pastrami Sandwich', temp='hot', value=0.00} on Hot Shelf
Dec 21, 2024 11:24:48 AM InterviewByCompany.Cloudkitchens.Shelf placeOrder
INFO: Initialized Order ID 5dd79771-4536-4eaa-b64c-63ac606f1357 with value 1.00
Dec 21, 2024 11:24:48 AM InterviewByCompany.Cloudkitchens.Courier run
INFO: Courier picked up and delivered Order{id='1a4d0e6d-e50e-4ec0-ad5d-0f33e6a724e6', name='Kale Salad', temp='cold', value=0.99} after 5 seconds.
Dec 21, 2024 11:24:48 AM InterviewByCompany.Cloudkitchens.Shelf placeOrder
INFO: Placed Order{id='f84d8263-7aae-4254-85b7-27865ffd76b7', name='Arugula', temp='cold', value=0.00} on Cold Shelf
Dec 21, 2024 11:24:48 AM InterviewByCompany.Cloudkitchens.Shelf placeOrder
INFO: Initialized Order ID f84d8263-7aae-4254-85b7-27865ffd76b7 with value 1.00
Dec 21, 2024 11:24:49 AM InterviewByCompany.Cloudkitchens.Courier run
INFO: Courier picked up and delivered Order{id='c700ab30-d7bd-4e45-aafb-4329876c716c', name='Vegan Pizza', temp='hot', value=0.99} after 3 seconds.
Dec 21, 2024 11:24:49 AM InterviewByCompany.Cloudkitchens.Shelf placeOrder
INFO: Placed Order{id='f7074980-3424-43d4-9166-f495077a273e', name='Pickles', temp='cold', value=0.00} on Cold Shelf
Dec 21, 2024 11:24:49 AM InterviewByCompany.Cloudkitchens.Shelf placeOrder
INFO: Initialized Order ID f7074980-3424-43d4-9166-f495077a273e with value 1.00
Dec 21, 2024 11:24:49 AM InterviewByCompany.Cloudkitchens.Courier run
INFO: Courier picked up and delivered Order{id='23f5cb3a-fa51-49ad-9e29-83e98d6e7d6f', name='Mint Chocolate Ice Cream', temp='frozen', value=0.99} after 4 seconds.
Dec 21, 2024 11:24:49 AM InterviewByCompany.Cloudkitchens.Shelf placeOrder
INFO: Placed Order{id='dcafe7ca-f7a7-4262-9b14-ab19729b2055', name='Chicken', temp='hot', value=0.00} on Hot Shelf
Dec 21, 2024 11:24:49 AM InterviewByCompany.Cloudkitchens.Shelf placeOrder
INFO: Initialized Order ID dcafe7ca-f7a7-4262-9b14-ab19729b2055 with value 1.00
Dec 21, 2024 11:24:50 AM InterviewByCompany.Cloudkitchens.Courier run
INFO: Courier picked up and delivered Order{id='5dd79771-4536-4eaa-b64c-63ac606f1357', name='Pastrami Sandwich', temp='hot', value=0.99} after 2 seconds.
Dec 21, 2024 11:24:50 AM InterviewByCompany.Cloudkitchens.Shelf placeOrder
INFO: Placed Order{id='614e4f4d-b2f4-4b60-9421-238f61affe20', name='Cookie Dough', temp='frozen', value=0.00} on Frozen Shelf
Dec 21, 2024 11:24:50 AM InterviewByCompany.Cloudkitchens.Shelf placeOrder
INFO: Initialized Order ID 614e4f4d-b2f4-4b60-9421-238f61affe20 with value 1.00
Dec 21, 2024 11:24:50 AM InterviewByCompany.Cloudkitchens.Courier run
INFO: Courier picked up and delivered Order{id='f84d8263-7aae-4254-85b7-27865ffd76b7', name='Arugula', temp='cold', value=1.00} after 2 seconds.
Dec 21, 2024 11:24:50 AM InterviewByCompany.Cloudkitchens.Shelf placeOrder
INFO: Placed Order{id='d2d2d948-f019-4806-bb7e-bb2172bd75d9', name='Hamburger', temp='hot', value=0.00} on Hot Shelf
Dec 21, 2024 11:24:50 AM InterviewByCompany.Cloudkitchens.Shelf placeOrder
INFO: Initialized Order ID d2d2d948-f019-4806-bb7e-bb2172bd75d9 with value 1.00
Dec 21, 2024 11:24:51 AM InterviewByCompany.Cloudkitchens.Courier run
INFO: Courier picked up and delivered Order{id='916ddba3-9c25-4065-8a90-ecf5c40c8394', name='Fudge Ice Cream Cake', temp='frozen', value=0.99} after 6 seconds.
Dec 21, 2024 11:24:51 AM InterviewByCompany.Cloudkitchens.Shelf placeOrder
INFO: Placed Order{id='8275f014-ed83-4554-b0ff-0dbdc24e57ad', name='French Fries', temp='hot', value=0.00} on Hot Shelf
Dec 21, 2024 11:24:51 AM InterviewByCompany.Cloudkitchens.Shelf placeOrder
INFO: Initialized Order ID 8275f014-ed83-4554-b0ff-0dbdc24e57ad with value 1.00
Dec 21, 2024 11:24:51 AM InterviewByCompany.Cloudkitchens.Shelf placeOrder
INFO: Placed Order{id='9687809b-8f4b-4a6f-be3f-6e41e4ced3ed', name='Ice', temp='frozen', value=0.00} on Frozen Shelf
Dec 21, 2024 11:24:51 AM InterviewByCompany.Cloudkitchens.Shelf placeOrder
INFO: Initialized Order ID 9687809b-8f4b-4a6f-be3f-6e41e4ced3ed with value 1.00
Dec 21, 2024 11:24:52 AM InterviewByCompany.Cloudkitchens.Courier run
INFO: Courier picked up and delivered Order{id='ed05dafe-d928-4f1a-856d-1dab3868acbd', name='MeatLoaf', temp='hot', value=0.99} after 5 seconds.
Dec 21, 2024 11:24:52 AM InterviewByCompany.Cloudkitchens.Courier run
INFO: Courier picked up and delivered Order{id='614e4f4d-b2f4-4b60-9421-238f61affe20', name='Cookie Dough', temp='frozen', value=1.00} after 2 seconds.
Dec 21, 2024 11:24:52 AM InterviewByCompany.Cloudkitchens.Shelf placeOrder
INFO: Placed Order{id='e537a1b8-1505-49ae-a71e-a3ab80e8b606', name='Carne Asada', temp='hot', value=0.00} on Hot Shelf
Dec 21, 2024 11:24:52 AM InterviewByCompany.Cloudkitchens.Shelf placeOrder
INFO: Initialized Order ID e537a1b8-1505-49ae-a71e-a3ab80e8b606 with value 1.00
Dec 21, 2024 11:24:52 AM InterviewByCompany.Cloudkitchens.Courier run
INFO: Courier picked up and delivered Order{id='cf0932a9-533c-4603-bb1e-512c6e697b92', name='Orange Chicken', temp='hot', value=0.98} after 6 seconds.
Dec 21, 2024 11:24:52 AM InterviewByCompany.Cloudkitchens.Shelf placeOrder
INFO: Placed Order{id='3aaccfce-3dbe-4967-a2fb-b6c06b4de61d', name='Sherbet', temp='frozen', value=0.00} on Frozen Shelf
Dec 21, 2024 11:24:52 AM InterviewByCompany.Cloudkitchens.Shelf placeOrder
INFO: Initialized Order ID 3aaccfce-3dbe-4967-a2fb-b6c06b4de61d with value 1.00
Dec 21, 2024 11:24:53 AM InterviewByCompany.Cloudkitchens.Shelf placeOrder
INFO: Placed Order{id='1b56ee15-70e7-443e-96cb-0479e9d46381', name='Orange Sorbet', temp='frozen', value=0.00} on Frozen Shelf
Dec 21, 2024 11:24:53 AM InterviewByCompany.Cloudkitchens.Shelf placeOrder
INFO: Initialized Order ID 1b56ee15-70e7-443e-96cb-0479e9d46381 with value 1.00
Dec 21, 2024 11:24:53 AM InterviewByCompany.Cloudkitchens.Courier run
INFO: Courier picked up and delivered Order{id='53f012e3-da55-4314-b2e6-28e63f0418ad', name='Milk', temp='cold', value=1.00} after 6 seconds.
Dec 21, 2024 11:24:53 AM InterviewByCompany.Cloudkitchens.Courier run
INFO: Courier picked up and delivered Order{id='dcafe7ca-f7a7-4262-9b14-ab19729b2055', name='Chicken', temp='hot', value=0.99} after 4 seconds.
Dec 21, 2024 11:24:53 AM InterviewByCompany.Cloudkitchens.Courier run
INFO: Courier picked up and delivered Order{id='d2d2d948-f019-4806-bb7e-bb2172bd75d9', name='Hamburger', temp='hot', value=0.99} after 3 seconds.
Dec 21, 2024 11:24:53 AM InterviewByCompany.Cloudkitchens.Shelf placeOrder
INFO: Placed Order{id='51c5017b-f812-40ac-8d68-87aab3fbab6a', name='Frosty', temp='frozen', value=0.00} on Frozen Shelf
Dec 21, 2024 11:24:53 AM InterviewByCompany.Cloudkitchens.Shelf placeOrder
INFO: Initialized Order ID 51c5017b-f812-40ac-8d68-87aab3fbab6a with value 1.00
Dec 21, 2024 11:24:54 AM InterviewByCompany.Cloudkitchens.Shelf placeOrder
INFO: Placed Order{id='9748651e-c3f8-4c4a-9de9-5360467c86a2', name='Fresh Bread', temp='hot', value=0.00} on Hot Shelf
Dec 21, 2024 11:24:54 AM InterviewByCompany.Cloudkitchens.Shelf placeOrder
INFO: Initialized Order ID 9748651e-c3f8-4c4a-9de9-5360467c86a2 with value 1.00
Dec 21, 2024 11:24:54 AM InterviewByCompany.Cloudkitchens.Shelf placeOrder
INFO: Placed Order{id='345cfefe-692e-4866-986e-99a18bedbf24', name='Burrito', temp='hot', value=0.00} on Hot Shelf
Dec 21, 2024 11:24:54 AM InterviewByCompany.Cloudkitchens.Shelf placeOrder
INFO: Initialized Order ID 345cfefe-692e-4866-986e-99a18bedbf24 with value 1.00
Dec 21, 2024 11:24:55 AM InterviewByCompany.Cloudkitchens.Courier run
INFO: Courier picked up and delivered Order{id='f7074980-3424-43d4-9166-f495077a273e', name='Pickles', temp='cold', value=0.99} after 6 seconds.
Dec 21, 2024 11:24:55 AM InterviewByCompany.Cloudkitchens.Shelf placeOrder
INFO: Placed Order{id='87441694-ff97-4d1b-89e3-c4b0b1fd041e', name='Icy', temp='frozen', value=0.00} on Frozen Shelf
Dec 21, 2024 11:24:55 AM InterviewByCompany.Cloudkitchens.Shelf placeOrder
INFO: Initialized Order ID 87441694-ff97-4d1b-89e3-c4b0b1fd041e with value 1.00
Dec 21, 2024 11:24:55 AM InterviewByCompany.Cloudkitchens.KitchenOrderSystem lambda$main$0
INFO: Running scheduled cleanup of expired orders...
Dec 21, 2024 11:24:55 AM InterviewByCompany.Cloudkitchens.Shelf placeOrder
INFO: Placed Order{id='3713d8af-e6a0-4c11-966c-f26786dc602c', name='Push Pop', temp='frozen', value=0.00} on Frozen Shelf
Dec 21, 2024 11:24:55 AM InterviewByCompany.Cloudkitchens.Shelf placeOrder
INFO: Initialized Order ID 3713d8af-e6a0-4c11-966c-f26786dc602c with value 1.00
Dec 21, 2024 11:24:56 AM InterviewByCompany.Cloudkitchens.Courier run
INFO: Courier picked up and delivered Order{id='8275f014-ed83-4554-b0ff-0dbdc24e57ad', name='French Fries', temp='hot', value=0.98} after 5 seconds.
Dec 21, 2024 11:24:56 AM InterviewByCompany.Cloudkitchens.Courier run
INFO: Courier picked up and delivered Order{id='e537a1b8-1505-49ae-a71e-a3ab80e8b606', name='Carne Asada', temp='hot', value=0.99} after 4 seconds.
Dec 21, 2024 11:24:56 AM InterviewByCompany.Cloudkitchens.Shelf placeOrder
INFO: Placed Order{id='20343dea-8856-4717-9be9-be1b37d4791f', name='Pasta', temp='hot', value=0.00} on Hot Shelf
Dec 21, 2024 11:24:56 AM InterviewByCompany.Cloudkitchens.Shelf placeOrder
INFO: Initialized Order ID 20343dea-8856-4717-9be9-be1b37d4791f with value 1.00
Dec 21, 2024 11:24:57 AM InterviewByCompany.Cloudkitchens.Shelf placeOrder
INFO: Placed Order{id='098604b5-a141-4a5f-a2e3-0b653515cc42', name='Chicken Nuggets', temp='hot', value=0.00} on Hot Shelf
Dec 21, 2024 11:24:57 AM InterviewByCompany.Cloudkitchens.Shelf placeOrder
INFO: Initialized Order ID 098604b5-a141-4a5f-a2e3-0b653515cc42 with value 1.00
Dec 21, 2024 11:24:57 AM InterviewByCompany.Cloudkitchens.Shelf placeOrder
INFO: Placed Order{id='a5697bad-48d4-46fd-b3bc-64ef2485907a', name='Ice Cream Sandwich', temp='frozen', value=0.00} on Frozen Shelf
Dec 21, 2024 11:24:57 AM InterviewByCompany.Cloudkitchens.Shelf placeOrder
INFO: Initialized Order ID a5697bad-48d4-46fd-b3bc-64ef2485907a with value 1.00
Dec 21, 2024 11:24:57 AM InterviewByCompany.Cloudkitchens.Courier run
INFO: Courier picked up and delivered Order{id='9687809b-8f4b-4a6f-be3f-6e41e4ced3ed', name='Ice', temp='frozen', value=0.95} after 6 seconds.
Dec 21, 2024 11:24:57 AM InterviewByCompany.Cloudkitchens.Courier run
INFO: Courier picked up and delivered Order{id='51c5017b-f812-40ac-8d68-87aab3fbab6a', name='Frosty', temp='frozen', value=0.98} after 4 seconds.
Dec 21, 2024 11:24:58 AM InterviewByCompany.Cloudkitchens.Shelf placeOrder
INFO: Placed Order{id='e09f9282-8e05-48a7-8e6e-e23937383735', name='Taco', temp='hot', value=0.00} on Hot Shelf
Dec 21, 2024 11:24:58 AM InterviewByCompany.Cloudkitchens.Shelf placeOrder
INFO: Initialized Order ID e09f9282-8e05-48a7-8e6e-e23937383735 with value 1.00
Dec 21, 2024 11:24:58 AM InterviewByCompany.Cloudkitchens.Courier run
INFO: Courier picked up and delivered Order{id='1b56ee15-70e7-443e-96cb-0479e9d46381', name='Orange Sorbet', temp='frozen', value=0.98} after 5 seconds.
Dec 21, 2024 11:24:58 AM InterviewByCompany.Cloudkitchens.Courier run
INFO: Courier picked up and delivered Order{id='9748651e-c3f8-4c4a-9de9-5360467c86a2', name='Fresh Bread', temp='hot', value=0.98} after 4 seconds.
Dec 21, 2024 11:24:58 AM InterviewByCompany.Cloudkitchens.Shelf placeOrder
INFO: Placed Order{id='9df6bbc7-55ee-4f67-8dd1-a9f5ccc56355', name='Tomato Soup', temp='hot', value=0.00} on Hot Shelf
Dec 21, 2024 11:24:58 AM InterviewByCompany.Cloudkitchens.Shelf placeOrder
INFO: Initialized Order ID 9df6bbc7-55ee-4f67-8dd1-a9f5ccc56355 with value 1.00
Dec 21, 2024 11:24:58 AM InterviewByCompany.Cloudkitchens.Courier run
INFO: Courier picked up and delivered Order{id='3aaccfce-3dbe-4967-a2fb-b6c06b4de61d', name='Sherbet', temp='frozen', value=0.98} after 6 seconds.
Dec 21, 2024 11:24:58 AM InterviewByCompany.Cloudkitchens.Courier run
INFO: Courier picked up and delivered Order{id='345cfefe-692e-4866-986e-99a18bedbf24', name='Burrito', temp='hot', value=0.99} after 4 seconds.
Dec 21, 2024 11:24:59 AM InterviewByCompany.Cloudkitchens.Courier run
INFO: Courier picked up and delivered Order{id='098604b5-a141-4a5f-a2e3-0b653515cc42', name='Chicken Nuggets', temp='hot', value=0.99} after 2 seconds.
Dec 21, 2024 11:24:59 AM InterviewByCompany.Cloudkitchens.Shelf placeOrder
INFO: Placed Order{id='a2b13869-6b7e-4e35-8e11-fa9889d24073', name='Vanilla Ice Cream', temp='frozen', value=0.00} on Frozen Shelf
Dec 21, 2024 11:24:59 AM InterviewByCompany.Cloudkitchens.Shelf placeOrder
INFO: Initialized Order ID a2b13869-6b7e-4e35-8e11-fa9889d24073 with value 1.00
Dec 21, 2024 11:24:59 AM InterviewByCompany.Cloudkitchens.Courier run
INFO: Courier picked up and delivered Order{id='87441694-ff97-4d1b-89e3-c4b0b1fd041e', name='Icy', temp='frozen', value=0.99} after 4 seconds.
Dec 21, 2024 11:24:59 AM InterviewByCompany.Cloudkitchens.Shelf placeOrder
INFO: Placed Order{id='0522c2ec-0242-45e7-8542-f3e98c1384b9', name='Poppers', temp='hot', value=0.00} on Hot Shelf
Dec 21, 2024 11:24:59 AM InterviewByCompany.Cloudkitchens.Shelf placeOrder
INFO: Initialized Order ID 0522c2ec-0242-45e7-8542-f3e98c1384b9 with value 1.00
Dec 21, 2024 11:25:00 AM InterviewByCompany.Cloudkitchens.Courier run
INFO: Courier picked up and delivered Order{id='3713d8af-e6a0-4c11-966c-f26786dc602c', name='Push Pop', temp='frozen', value=0.99} after 4 seconds.
Dec 21, 2024 11:25:00 AM InterviewByCompany.Cloudkitchens.Shelf placeOrder
INFO: Placed Order{id='aba0fc48-ec05-422f-aad4-8b8ec4de636d', name='Popsicle', temp='frozen', value=0.00} on Frozen Shelf
Dec 21, 2024 11:25:00 AM InterviewByCompany.Cloudkitchens.Shelf placeOrder
INFO: Initialized Order ID aba0fc48-ec05-422f-aad4-8b8ec4de636d with value 1.00
Dec 21, 2024 11:25:00 AM InterviewByCompany.Cloudkitchens.Courier run
INFO: Courier picked up and delivered Order{id='a5697bad-48d4-46fd-b3bc-64ef2485907a', name='Ice Cream Sandwich', temp='frozen', value=0.99} after 3 seconds.
Dec 21, 2024 11:25:00 AM InterviewByCompany.Cloudkitchens.Shelf placeOrder
INFO: Placed Order{id='68515b89-96bf-48b6-a07c-68cf17ca3c25', name='Strawberries', temp='frozen', value=0.00} on Frozen Shelf
Dec 21, 2024 11:25:00 AM InterviewByCompany.Cloudkitchens.Shelf placeOrder
INFO: Initialized Order ID 68515b89-96bf-48b6-a07c-68cf17ca3c25 with value 1.00
Dec 21, 2024 11:25:01 AM InterviewByCompany.Cloudkitchens.Courier run
INFO: Courier picked up and delivered Order{id='e09f9282-8e05-48a7-8e6e-e23937383735', name='Taco', temp='hot', value=0.99} after 3 seconds.
Dec 21, 2024 11:25:01 AM InterviewByCompany.Cloudkitchens.Shelf placeOrder
INFO: Placed Order{id='caf107cc-e6d6-421c-9991-8bcfcc15d5c5', name='Brown Rice', temp='hot', value=0.00} on Hot Shelf
Dec 21, 2024 11:25:01 AM InterviewByCompany.Cloudkitchens.Shelf placeOrder
INFO: Initialized Order ID caf107cc-e6d6-421c-9991-8bcfcc15d5c5 with value 1.00
Dec 21, 2024 11:25:01 AM InterviewByCompany.Cloudkitchens.Courier run
INFO: Courier picked up and delivered Order{id='20343dea-8856-4717-9be9-be1b37d4791f', name='Pasta', temp='hot', value=0.98} after 5 seconds.
Dec 21, 2024 11:25:01 AM InterviewByCompany.Cloudkitchens.Courier run
INFO: Courier picked up and delivered Order{id='9df6bbc7-55ee-4f67-8dd1-a9f5ccc56355', name='Tomato Soup', temp='hot', value=0.99} after 3 seconds.
Dec 21, 2024 11:25:01 AM InterviewByCompany.Cloudkitchens.Shelf placeOrder
INFO: Placed Order{id='4d308771-a0d6-46e7-8ff1-679ddc1d1aa4', name='Cheese Pizza', temp='hot', value=0.00} on Hot Shelf
Dec 21, 2024 11:25:01 AM InterviewByCompany.Cloudkitchens.Shelf placeOrder
INFO: Initialized Order ID 4d308771-a0d6-46e7-8ff1-679ddc1d1aa4 with value 1.00
Dec 21, 2024 11:25:02 AM InterviewByCompany.Cloudkitchens.Shelf placeOrder
INFO: Placed Order{id='78b92574-49cd-4995-b5d0-635b3ced5a18', name='Pressed Juice', temp='cold', value=0.00} on Cold Shelf
Dec 21, 2024 11:25:02 AM InterviewByCompany.Cloudkitchens.Shelf placeOrder
INFO: Initialized Order ID 78b92574-49cd-4995-b5d0-635b3ced5a18 with value 1.00
Dec 21, 2024 11:25:02 AM InterviewByCompany.Cloudkitchens.Shelf placeOrder
INFO: Placed Order{id='1fab9088-d99d-47ee-acf5-d0f0851738e4', name='Coconut', temp='cold', value=0.00} on Cold Shelf
Dec 21, 2024 11:25:02 AM InterviewByCompany.Cloudkitchens.Shelf placeOrder
INFO: Initialized Order ID 1fab9088-d99d-47ee-acf5-d0f0851738e4 with value 1.00
Dec 21, 2024 11:25:03 AM InterviewByCompany.Cloudkitchens.Courier run
INFO: Courier picked up and delivered Order{id='a2b13869-6b7e-4e35-8e11-fa9889d24073', name='Vanilla Ice Cream', temp='frozen', value=1.00} after 4 seconds.
Dec 21, 2024 11:25:03 AM InterviewByCompany.Cloudkitchens.Shelf placeOrder
INFO: Placed Order{id='d7864cd5-f557-4c3e-93d9-b3fb6bb4a37b', name='Onion Rings', temp='hot', value=0.00} on Hot Shelf
Dec 21, 2024 11:25:03 AM InterviewByCompany.Cloudkitchens.Shelf placeOrder
INFO: Initialized Order ID d7864cd5-f557-4c3e-93d9-b3fb6bb4a37b with value 1.00
Dec 21, 2024 11:25:03 AM InterviewByCompany.Cloudkitchens.Courier run
INFO: Courier picked up and delivered Order{id='68515b89-96bf-48b6-a07c-68cf17ca3c25', name='Strawberries', temp='frozen', value=1.00} after 3 seconds.
Dec 21, 2024 11:25:03 AM InterviewByCompany.Cloudkitchens.Shelf placeOrder
INFO: Placed Order{id='5f06be90-beac-4a51-a871-f8e324d38c3c', name='Fish Tacos', temp='hot', value=0.00} on Hot Shelf
Dec 21, 2024 11:25:03 AM InterviewByCompany.Cloudkitchens.Shelf placeOrder
INFO: Initialized Order ID 5f06be90-beac-4a51-a871-f8e324d38c3c with value 1.00
Dec 21, 2024 11:25:04 AM InterviewByCompany.Cloudkitchens.Courier run
INFO: Courier picked up and delivered Order{id='aba0fc48-ec05-422f-aad4-8b8ec4de636d', name='Popsicle', temp='frozen', value=0.99} after 4 seconds.
Dec 21, 2024 11:25:04 AM InterviewByCompany.Cloudkitchens.Shelf placeOrder
INFO: Placed Order{id='90367105-ec26-41d8-a4a2-6c474d3f703b', name='Pot Stickers', temp='hot', value=0.00} on Hot Shelf
Dec 21, 2024 11:25:04 AM InterviewByCompany.Cloudkitchens.Shelf placeOrder
INFO: Initialized Order ID 90367105-ec26-41d8-a4a2-6c474d3f703b with value 1.00
Dec 21, 2024 11:25:04 AM InterviewByCompany.Cloudkitchens.Courier run
INFO: Courier picked up and delivered Order{id='0522c2ec-0242-45e7-8542-f3e98c1384b9', name='Poppers', temp='hot', value=0.98} after 5 seconds.
Dec 21, 2024 11:25:04 AM InterviewByCompany.Cloudkitchens.Courier run
INFO: Courier picked up and delivered Order{id='1fab9088-d99d-47ee-acf5-d0f0851738e4', name='Coconut', temp='cold', value=1.00} after 2 seconds.
Dec 21, 2024 11:25:04 AM InterviewByCompany.Cloudkitchens.Shelf placeOrder
INFO: Placed Order{id='05ef2197-5e9a-446b-825e-4d169bdf5670', name='Kombucha', temp='cold', value=0.00} on Cold Shelf
Dec 21, 2024 11:25:04 AM InterviewByCompany.Cloudkitchens.Shelf placeOrder
INFO: Initialized Order ID 05ef2197-5e9a-446b-825e-4d169bdf5670 with value 1.00
Dec 21, 2024 11:25:05 AM InterviewByCompany.Cloudkitchens.Courier run
INFO: Courier picked up and delivered Order{id='caf107cc-e6d6-421c-9991-8bcfcc15d5c5', name='Brown Rice', temp='hot', value=0.99} after 4 seconds.
Dec 21, 2024 11:25:05 AM InterviewByCompany.Cloudkitchens.Shelf placeOrder
INFO: Placed Order{id='41330835-9221-483a-924f-08c7f664d656', name='Mixed Greens', temp='cold', value=0.00} on Cold Shelf
Dec 21, 2024 11:25:05 AM InterviewByCompany.Cloudkitchens.Shelf placeOrder
INFO: Initialized Order ID 41330835-9221-483a-924f-08c7f664d656 with value 1.00
Dec 21, 2024 11:25:05 AM InterviewByCompany.Cloudkitchens.Shelf placeOrder
INFO: Placed Order{id='51754609-3f89-487b-9888-bac0a65f86e2', name='Sushi', temp='cold', value=0.00} on Cold Shelf
Dec 21, 2024 11:25:05 AM InterviewByCompany.Cloudkitchens.Shelf placeOrder
INFO: Initialized Order ID 51754609-3f89-487b-9888-bac0a65f86e2 with value 1.00
Dec 21, 2024 11:25:05 AM InterviewByCompany.Cloudkitchens.KitchenOrderSystem lambda$main$0
INFO: Running scheduled cleanup of expired orders...
Dec 21, 2024 11:25:06 AM InterviewByCompany.Cloudkitchens.Shelf placeOrder
INFO: Placed Order{id='3f0008f5-9429-4a16-ae44-f8f4256797ca', name='Apples', temp='cold', value=0.00} on Cold Shelf
Dec 21, 2024 11:25:06 AM InterviewByCompany.Cloudkitchens.Shelf placeOrder
INFO: Initialized Order ID 3f0008f5-9429-4a16-ae44-f8f4256797ca with value 1.00
Dec 21, 2024 11:25:06 AM InterviewByCompany.Cloudkitchens.Courier run
INFO: Courier picked up and delivered Order{id='5f06be90-beac-4a51-a871-f8e324d38c3c', name='Fish Tacos', temp='hot', value=0.99} after 3 seconds.
Dec 21, 2024 11:25:06 AM InterviewByCompany.Cloudkitchens.Courier run
INFO: Courier picked up and delivered Order{id='05ef2197-5e9a-446b-825e-4d169bdf5670', name='Kombucha', temp='cold', value=1.00} after 2 seconds.
Dec 21, 2024 11:25:06 AM InterviewByCompany.Cloudkitchens.Shelf placeOrder
INFO: Placed Order{id='c052077c-687d-4f24-b2e1-75edeee1186a', name='Kebab', temp='hot', value=0.00} on Hot Shelf
Dec 21, 2024 11:25:06 AM InterviewByCompany.Cloudkitchens.Shelf placeOrder
INFO: Initialized Order ID c052077c-687d-4f24-b2e1-75edeee1186a with value 1.00
Dec 21, 2024 11:25:07 AM InterviewByCompany.Cloudkitchens.Shelf placeOrder
INFO: Placed Order{id='1b481a3e-84eb-4532-bd29-47f04e3e7adc', name='Mac & Cheese', temp='hot', value=0.00} on Hot Shelf
Dec 21, 2024 11:25:07 AM InterviewByCompany.Cloudkitchens.Shelf placeOrder
INFO: Initialized Order ID 1b481a3e-84eb-4532-bd29-47f04e3e7adc with value 1.00
Dec 21, 2024 11:25:07 AM InterviewByCompany.Cloudkitchens.Courier run
INFO: Courier picked up and delivered Order{id='4d308771-a0d6-46e7-8ff1-679ddc1d1aa4', name='Cheese Pizza', temp='hot', value=0.98} after 6 seconds.
Dec 21, 2024 11:25:07 AM InterviewByCompany.Cloudkitchens.Shelf placeOrder
INFO: Placed Order{id='b5d9491a-54b7-4916-a379-fed69d5d180d', name='Corn Dog', temp='hot', value=0.00} on Hot Shelf
Dec 21, 2024 11:25:07 AM InterviewByCompany.Cloudkitchens.Shelf placeOrder
INFO: Initialized Order ID b5d9491a-54b7-4916-a379-fed69d5d180d with value 1.00
Dec 21, 2024 11:25:08 AM InterviewByCompany.Cloudkitchens.Courier run
INFO: Courier picked up and delivered Order{id='78b92574-49cd-4995-b5d0-635b3ced5a18', name='Pressed Juice', temp='cold', value=1.00} after 6 seconds.
Dec 21, 2024 11:25:08 AM InterviewByCompany.Cloudkitchens.Courier run
INFO: Courier picked up and delivered Order{id='d7864cd5-f557-4c3e-93d9-b3fb6bb4a37b', name='Onion Rings', temp='hot', value=0.98} after 5 seconds.
Dec 21, 2024 11:25:08 AM InterviewByCompany.Cloudkitchens.Shelf placeOrder
INFO: Placed Order{id='7bdf9af2-d90e-44e2-9c6c-1ff7b5121133', name='Grilled Corn Salad', temp='cold', value=0.00} on Cold Shelf
Dec 21, 2024 11:25:08 AM InterviewByCompany.Cloudkitchens.Shelf placeOrder
INFO: Initialized Order ID 7bdf9af2-d90e-44e2-9c6c-1ff7b5121133 with value 1.00
Dec 21, 2024 11:25:08 AM InterviewByCompany.Cloudkitchens.Shelf placeOrder
INFO: Placed Order{id='4b5793f3-2af5-4ac3-816a-7f9c6f91483c', name='Pistachio Ice Cream', temp='frozen', value=0.00} on Frozen Shelf
Dec 21, 2024 11:25:08 AM InterviewByCompany.Cloudkitchens.Shelf placeOrder
INFO: Initialized Order ID 4b5793f3-2af5-4ac3-816a-7f9c6f91483c with value 1.00
Dec 21, 2024 11:25:09 AM InterviewByCompany.Cloudkitchens.Courier run
INFO: Courier picked up and delivered Order{id='90367105-ec26-41d8-a4a2-6c474d3f703b', name='Pot Stickers', temp='hot', value=0.98} after 5 seconds.
Dec 21, 2024 11:25:09 AM InterviewByCompany.Cloudkitchens.Shelf placeOrder
INFO: Placed Order{id='160ccc3a-af83-43e0-af0b-6a889aea7339', name='Strawberyy Banana Split', temp='frozen', value=0.00} on Frozen Shelf
Dec 21, 2024 11:25:09 AM InterviewByCompany.Cloudkitchens.Shelf placeOrder
INFO: Initialized Order ID 160ccc3a-af83-43e0-af0b-6a889aea7339 with value 1.00
Dec 21, 2024 11:25:09 AM InterviewByCompany.Cloudkitchens.Shelf placeOrder
INFO: Placed Order{id='3b9da9f3-2465-4fbc-84c5-5ecb9bd132b1', name='McFlury', temp='frozen', value=0.00} on Frozen Shelf
Dec 21, 2024 11:25:09 AM InterviewByCompany.Cloudkitchens.Shelf placeOrder
INFO: Initialized Order ID 3b9da9f3-2465-4fbc-84c5-5ecb9bd132b1 with value 1.00
Dec 21, 2024 11:25:10 AM InterviewByCompany.Cloudkitchens.Courier run
INFO: Courier picked up and delivered Order{id='7bdf9af2-d90e-44e2-9c6c-1ff7b5121133', name='Grilled Corn Salad', temp='cold', value=1.00} after 2 seconds.
Dec 21, 2024 11:25:10 AM InterviewByCompany.Cloudkitchens.Shelf placeOrder
INFO: Placed Order{id='e6b72c73-fa53-4f2c-a004-0b60ba7b3be9', name='Acai Bowl', temp='cold', value=0.00} on Cold Shelf
Dec 21, 2024 11:25:10 AM InterviewByCompany.Cloudkitchens.Shelf placeOrder
INFO: Initialized Order ID e6b72c73-fa53-4f2c-a004-0b60ba7b3be9 with value 1.00
Dec 21, 2024 11:25:10 AM InterviewByCompany.Cloudkitchens.Courier run
INFO: Courier picked up and delivered Order{id='51754609-3f89-487b-9888-bac0a65f86e2', name='Sushi', temp='cold', value=1.00} after 5 seconds.
Dec 21, 2024 11:25:10 AM InterviewByCompany.Cloudkitchens.Shelf placeOrder
INFO: Placed Order{id='4546646c-3ca5-4da6-9c60-312a897a6907', name='Yogurt', temp='cold', value=0.00} on Cold Shelf
Dec 21, 2024 11:25:10 AM InterviewByCompany.Cloudkitchens.Shelf placeOrder
INFO: Initialized Order ID 4546646c-3ca5-4da6-9c60-312a897a6907 with value 1.00
Dec 21, 2024 11:25:11 AM InterviewByCompany.Cloudkitchens.Courier run
INFO: Courier picked up and delivered Order{id='41330835-9221-483a-924f-08c7f664d656', name='Mixed Greens', temp='cold', value=0.99} after 6 seconds.
Dec 21, 2024 11:25:11 AM InterviewByCompany.Cloudkitchens.Courier run
INFO: Courier picked up and delivered Order{id='3f0008f5-9429-4a16-ae44-f8f4256797ca', name='Apples', temp='cold', value=1.00} after 5 seconds.
Dec 21, 2024 11:25:11 AM InterviewByCompany.Cloudkitchens.Shelf placeOrder
INFO: Placed Order{id='8ea031b3-6545-4140-9dee-745268d7b877', name='Chocolate Gelato', temp='frozen', value=0.00} on Frozen Shelf
Dec 21, 2024 11:25:11 AM InterviewByCompany.Cloudkitchens.Shelf placeOrder
INFO: Initialized Order ID 8ea031b3-6545-4140-9dee-745268d7b877 with value 1.00
Dec 21, 2024 11:25:11 AM InterviewByCompany.Cloudkitchens.Shelf placeOrder
INFO: Placed Order{id='24f3e17b-eba0-409a-8630-463cb05d89c3', name='Cobb Salad', temp='cold', value=0.00} on Cold Shelf
Dec 21, 2024 11:25:11 AM InterviewByCompany.Cloudkitchens.Shelf placeOrder
INFO: Initialized Order ID 24f3e17b-eba0-409a-8630-463cb05d89c3 with value 1.00
Dec 21, 2024 11:25:12 AM InterviewByCompany.Cloudkitchens.Shelf placeOrder
INFO: Placed Order{id='def3f65e-6ffb-4715-8561-ace9d312ddc5', name='Cottage Cheese', temp='cold', value=0.00} on Cold Shelf
Dec 21, 2024 11:25:12 AM InterviewByCompany.Cloudkitchens.Shelf placeOrder
INFO: Initialized Order ID def3f65e-6ffb-4715-8561-ace9d312ddc5 with value 1.00
Dec 21, 2024 11:25:12 AM InterviewByCompany.Cloudkitchens.Courier run
INFO: Courier picked up and delivered Order{id='c052077c-687d-4f24-b2e1-75edeee1186a', name='Kebab', temp='hot', value=0.98} after 6 seconds.
Dec 21, 2024 11:25:12 AM InterviewByCompany.Cloudkitchens.Courier run
INFO: Courier picked up and delivered Order{id='3b9da9f3-2465-4fbc-84c5-5ecb9bd132b1', name='McFlury', temp='frozen', value=1.00} after 3 seconds.
Dec 21, 2024 11:25:12 AM InterviewByCompany.Cloudkitchens.Shelf placeOrder
INFO: Placed Order{id='2c772706-189c-4ec4-80ad-06ea17f21f11', name='Coke', temp='cold', value=0.00} on Cold Shelf
Dec 21, 2024 11:25:12 AM InterviewByCompany.Cloudkitchens.Shelf placeOrder
INFO: Initialized Order ID 2c772706-189c-4ec4-80ad-06ea17f21f11 with value 1.00
Dec 21, 2024 11:25:13 AM InterviewByCompany.Cloudkitchens.Courier run
INFO: Courier picked up and delivered Order{id='1b481a3e-84eb-4532-bd29-47f04e3e7adc', name='Mac & Cheese', temp='hot', value=0.99} after 6 seconds.
Dec 21, 2024 11:25:13 AM InterviewByCompany.Cloudkitchens.Courier run
INFO: Courier picked up and delivered Order{id='e6b72c73-fa53-4f2c-a004-0b60ba7b3be9', name='Acai Bowl', temp='cold', value=0.99} after 3 seconds.
Dec 21, 2024 11:25:13 AM InterviewByCompany.Cloudkitchens.Shelf placeOrder
INFO: Placed Order{id='a0023411-c19d-4723-b6d1-6b8c8ff1b417', name='Snow Cone', temp='frozen', value=0.00} on Frozen Shelf
Dec 21, 2024 11:25:13 AM InterviewByCompany.Cloudkitchens.Shelf placeOrder
INFO: Initialized Order ID a0023411-c19d-4723-b6d1-6b8c8ff1b417 with value 1.00
Dec 21, 2024 11:25:13 AM InterviewByCompany.Cloudkitchens.Courier run
INFO: Courier picked up and delivered Order{id='b5d9491a-54b7-4916-a379-fed69d5d180d', name='Corn Dog', temp='hot', value=0.99} after 6 seconds.
Dec 21, 2024 11:25:13 AM InterviewByCompany.Cloudkitchens.Courier run
INFO: Courier picked up and delivered Order{id='4b5793f3-2af5-4ac3-816a-7f9c6f91483c', name='Pistachio Ice Cream', temp='frozen', value=0.99} after 5 seconds.
Dec 21, 2024 11:25:13 AM InterviewByCompany.Cloudkitchens.Shelf placeOrder
INFO: Placed Order{id='46a4e47d-ccc1-4c88-a006-83930521899c', name='Pad See Ew', temp='hot', value=0.00} on Hot Shelf
Dec 21, 2024 11:25:13 AM InterviewByCompany.Cloudkitchens.Shelf placeOrder
INFO: Initialized Order ID 46a4e47d-ccc1-4c88-a006-83930521899c with value 1.00
Dec 21, 2024 11:25:14 AM InterviewByCompany.Cloudkitchens.Shelf placeOrder
INFO: Placed Order{id='e65ef8c8-d9e2-47cf-a6e2-ac976bcfdb9d', name='Chunky Monkey', temp='frozen', value=0.00} on Frozen Shelf
Dec 21, 2024 11:25:14 AM InterviewByCompany.Cloudkitchens.Shelf placeOrder
INFO: Initialized Order ID e65ef8c8-d9e2-47cf-a6e2-ac976bcfdb9d with value 1.00
Dec 21, 2024 11:25:14 AM InterviewByCompany.Cloudkitchens.Courier run
INFO: Courier picked up and delivered Order{id='2c772706-189c-4ec4-80ad-06ea17f21f11', name='Coke', temp='cold', value=1.00} after 2 seconds.
Dec 21, 2024 11:25:14 AM InterviewByCompany.Cloudkitchens.Shelf placeOrder
INFO: Placed Order{id='848dfc63-eab6-48b7-a2db-04d13190ce8c', name='Beef Stew', temp='hot', value=0.00} on Hot Shelf
Dec 21, 2024 11:25:14 AM InterviewByCompany.Cloudkitchens.Shelf placeOrder
INFO: Initialized Order ID 848dfc63-eab6-48b7-a2db-04d13190ce8c with value 1.00
Dec 21, 2024 11:25:15 AM InterviewByCompany.Cloudkitchens.Courier run
INFO: Courier picked up and delivered Order{id='160ccc3a-af83-43e0-af0b-6a889aea7339', name='Strawberyy Banana Split', temp='frozen', value=0.85} after 6 seconds.
Dec 21, 2024 11:25:15 AM InterviewByCompany.Cloudkitchens.Courier run
INFO: Courier picked up and delivered Order{id='def3f65e-6ffb-4715-8561-ace9d312ddc5', name='Cottage Cheese', temp='cold', value=1.00} after 3 seconds.
Dec 21, 2024 11:25:15 AM InterviewByCompany.Cloudkitchens.Shelf placeOrder
INFO: Placed Order{id='42951124-c574-45a0-bddf-25e702c65914', name='Cheese', temp='cold', value=0.00} on Cold Shelf
Dec 21, 2024 11:25:15 AM InterviewByCompany.Cloudkitchens.Shelf placeOrder
INFO: Initialized Order ID 42951124-c574-45a0-bddf-25e702c65914 with value 1.00
Dec 21, 2024 11:25:15 AM InterviewByCompany.Cloudkitchens.Courier run
INFO: Courier picked up and delivered Order{id='4546646c-3ca5-4da6-9c60-312a897a6907', name='Yogurt', temp='cold', value=0.99} after 5 seconds.
Dec 21, 2024 11:25:15 AM InterviewByCompany.Cloudkitchens.Shelf placeOrder
INFO: Placed Order{id='df726ab4-a999-46b5-8e31-4a1bd523fcb9', name='Spinach Omelet', temp='hot', value=0.00} on Hot Shelf
Dec 21, 2024 11:25:15 AM InterviewByCompany.Cloudkitchens.Shelf placeOrder
INFO: Initialized Order ID df726ab4-a999-46b5-8e31-4a1bd523fcb9 with value 1.00
Dec 21, 2024 11:25:15 AM InterviewByCompany.Cloudkitchens.KitchenOrderSystem lambda$main$0
INFO: Running scheduled cleanup of expired orders...
Dec 21, 2024 11:25:16 AM InterviewByCompany.Cloudkitchens.Courier run
INFO: Courier picked up and delivered Order{id='8ea031b3-6545-4140-9dee-745268d7b877', name='Chocolate Gelato', temp='frozen', value=0.99} after 5 seconds.
Dec 21, 2024 11:25:16 AM InterviewByCompany.Cloudkitchens.Shelf placeOrder
INFO: Placed Order{id='5bb755b9-e6a8-4932-9139-bc04fafbc240', name='Beef Hash', temp='hot', value=0.00} on Hot Shelf
Dec 21, 2024 11:25:16 AM InterviewByCompany.Cloudkitchens.Shelf placeOrder
INFO: Initialized Order ID 5bb755b9-e6a8-4932-9139-bc04fafbc240 with value 1.00
Dec 21, 2024 11:25:16 AM InterviewByCompany.Cloudkitchens.Courier run
INFO: Courier picked up and delivered Order{id='848dfc63-eab6-48b7-a2db-04d13190ce8c', name='Beef Stew', temp='hot', value=0.99} after 2 seconds.
Dec 21, 2024 11:25:16 AM InterviewByCompany.Cloudkitchens.Shelf placeOrder
INFO: Placed Order{id='58dbdb26-670c-4dac-b72c-21152f5d62e7', name='Pork Chop', temp='hot', value=0.00} on Hot Shelf
Dec 21, 2024 11:25:16 AM InterviewByCompany.Cloudkitchens.Shelf placeOrder
INFO: Initialized Order ID 58dbdb26-670c-4dac-b72c-21152f5d62e7 with value 1.00
Dec 21, 2024 11:25:17 AM InterviewByCompany.Cloudkitchens.Shelf placeOrder
INFO: Placed Order{id='4ed428d6-f247-451a-aebf-c5157b2eb502', name='Kale Salad', temp='cold', value=0.00} on Cold Shelf
Dec 21, 2024 11:25:17 AM InterviewByCompany.Cloudkitchens.Shelf placeOrder
INFO: Initialized Order ID 4ed428d6-f247-451a-aebf-c5157b2eb502 with value 1.00
Dec 21, 2024 11:25:17 AM InterviewByCompany.Cloudkitchens.Courier run
INFO: Courier picked up and delivered Order{id='24f3e17b-eba0-409a-8630-463cb05d89c3', name='Cobb Salad', temp='cold', value=1.00} after 6 seconds.
Dec 21, 2024 11:25:17 AM InterviewByCompany.Cloudkitchens.Courier run
INFO: Courier picked up and delivered Order{id='46a4e47d-ccc1-4c88-a006-83930521899c', name='Pad See Ew', temp='hot', value=0.99} after 4 seconds.
Dec 21, 2024 11:25:17 AM InterviewByCompany.Cloudkitchens.Shelf placeOrder
INFO: Placed Order{id='62e667ee-a86d-4be2-97f6-a6af60183e88', name='Fresh Fruit', temp='cold', value=0.00} on Cold Shelf
Dec 21, 2024 11:25:17 AM InterviewByCompany.Cloudkitchens.Shelf placeOrder
INFO: Initialized Order ID 62e667ee-a86d-4be2-97f6-a6af60183e88 with value 1.00
Dec 21, 2024 11:25:18 AM InterviewByCompany.Cloudkitchens.Courier run
INFO: Courier picked up and delivered Order{id='e65ef8c8-d9e2-47cf-a6e2-ac976bcfdb9d', name='Chunky Monkey', temp='frozen', value=0.99} after 4 seconds.
Dec 21, 2024 11:25:18 AM InterviewByCompany.Cloudkitchens.Courier run
INFO: Courier picked up and delivered Order{id='42951124-c574-45a0-bddf-25e702c65914', name='Cheese', temp='cold', value=1.00} after 3 seconds.
Dec 21, 2024 11:25:18 AM InterviewByCompany.Cloudkitchens.Shelf placeOrder
INFO: Placed Order{id='df4e3e19-55d2-4131-8ab0-3563b44f8291', name='Cranberry Salad', temp='cold', value=0.00} on Cold Shelf
Dec 21, 2024 11:25:18 AM InterviewByCompany.Cloudkitchens.Shelf placeOrder
INFO: Initialized Order ID df4e3e19-55d2-4131-8ab0-3563b44f8291 with value 1.00
Dec 21, 2024 11:25:18 AM InterviewByCompany.Cloudkitchens.Shelf placeOrder
INFO: Placed Order{id='44e6ea89-f11c-414d-aa72-7c10641eff8d', name='Fudge Ice Cream Cake', temp='frozen', value=0.00} on Frozen Shelf
Dec 21, 2024 11:25:18 AM InterviewByCompany.Cloudkitchens.Shelf placeOrder
INFO: Initialized Order ID 44e6ea89-f11c-414d-aa72-7c10641eff8d with value 1.00
Dec 21, 2024 11:25:19 AM InterviewByCompany.Cloudkitchens.Courier run
INFO: Courier picked up and delivered Order{id='a0023411-c19d-4723-b6d1-6b8c8ff1b417', name='Snow Cone', temp='frozen', value=0.90} after 6 seconds.
Dec 21, 2024 11:25:19 AM InterviewByCompany.Cloudkitchens.Courier run
INFO: Courier picked up and delivered Order{id='5bb755b9-e6a8-4932-9139-bc04fafbc240', name='Beef Hash', temp='hot', value=0.93} after 3 seconds.
Dec 21, 2024 11:25:19 AM InterviewByCompany.Cloudkitchens.Shelf placeOrder
INFO: Placed Order{id='48465fc7-d534-4b9b-b919-63e5beebd301', name='Mint Chocolate Ice Cream', temp='frozen', value=0.00} on Frozen Shelf
Dec 21, 2024 11:25:19 AM InterviewByCompany.Cloudkitchens.Shelf placeOrder
INFO: Initialized Order ID 48465fc7-d534-4b9b-b919-63e5beebd301 with value 1.00
Dec 21, 2024 11:25:19 AM InterviewByCompany.Cloudkitchens.Courier run
INFO: Courier picked up and delivered Order{id='58dbdb26-670c-4dac-b72c-21152f5d62e7', name='Pork Chop', temp='hot', value=0.99} after 3 seconds.
Dec 21, 2024 11:25:19 AM InterviewByCompany.Cloudkitchens.Shelf placeOrder
INFO: Placed Order{id='fb850bd3-728f-4118-a097-2bcf3a12c239', name='Vegan Pizza', temp='hot', value=0.00} on Hot Shelf
Dec 21, 2024 11:25:19 AM InterviewByCompany.Cloudkitchens.Shelf placeOrder
INFO: Initialized Order ID fb850bd3-728f-4118-a097-2bcf3a12c239 with value 1.00
Dec 21, 2024 11:25:20 AM InterviewByCompany.Cloudkitchens.Shelf placeOrder
INFO: Placed Order{id='8d6a4d1a-ca56-4567-b3aa-a1e3d20f8017', name='Orange Chicken', temp='hot', value=0.00} on Hot Shelf
Dec 21, 2024 11:25:20 AM InterviewByCompany.Cloudkitchens.Shelf placeOrder
INFO: Initialized Order ID 8d6a4d1a-ca56-4567-b3aa-a1e3d20f8017 with value 1.00
Dec 21, 2024 11:25:20 AM InterviewByCompany.Cloudkitchens.Courier run
INFO: Courier picked up and delivered Order{id='62e667ee-a86d-4be2-97f6-a6af60183e88', name='Fresh Fruit', temp='cold', value=1.00} after 3 seconds.
Dec 21, 2024 11:25:20 AM InterviewByCompany.Cloudkitchens.Shelf placeOrder
INFO: Placed Order{id='68e83bf6-bdee-4192-8905-40140b421bc6', name='MeatLoaf', temp='hot', value=0.00} on Hot Shelf
Dec 21, 2024 11:25:20 AM InterviewByCompany.Cloudkitchens.Shelf placeOrder
INFO: Initialized Order ID 68e83bf6-bdee-4192-8905-40140b421bc6 with value 1.00
Dec 21, 2024 11:25:21 AM InterviewByCompany.Cloudkitchens.Courier run
INFO: Courier picked up and delivered Order{id='4ed428d6-f247-451a-aebf-c5157b2eb502', name='Kale Salad', temp='cold', value=1.00} after 4 seconds.
Dec 21, 2024 11:25:21 AM InterviewByCompany.Cloudkitchens.Courier run
INFO: Courier picked up and delivered Order{id='df4e3e19-55d2-4131-8ab0-3563b44f8291', name='Cranberry Salad', temp='cold', value=1.00} after 3 seconds.
Dec 21, 2024 11:25:21 AM InterviewByCompany.Cloudkitchens.Shelf placeOrder
INFO: Placed Order{id='0d74c9f0-4fd5-4606-a1dc-019d9ab52af6', name='Milk', temp='cold', value=0.00} on Cold Shelf
Dec 21, 2024 11:25:21 AM InterviewByCompany.Cloudkitchens.Shelf placeOrder
INFO: Initialized Order ID 0d74c9f0-4fd5-4606-a1dc-019d9ab52af6 with value 1.00
Dec 21, 2024 11:25:21 AM InterviewByCompany.Cloudkitchens.Courier run
INFO: Courier picked up and delivered Order{id='df726ab4-a999-46b5-8e31-4a1bd523fcb9', name='Spinach Omelet', temp='hot', value=0.98} after 6 seconds.
Dec 21, 2024 11:25:21 AM InterviewByCompany.Cloudkitchens.Shelf placeOrder
INFO: Placed Order{id='1b9a920d-2880-44a3-abba-20903f2690d6', name='Pastrami Sandwich', temp='hot', value=0.00} on Hot Shelf
Dec 21, 2024 11:25:21 AM InterviewByCompany.Cloudkitchens.Shelf placeOrder
INFO: Initialized Order ID 1b9a920d-2880-44a3-abba-20903f2690d6 with value 1.00
Dec 21, 2024 11:25:22 AM InterviewByCompany.Cloudkitchens.Shelf placeOrder
INFO: Placed Order{id='c5ec5a4b-818e-4478-8956-019259be4168', name='Arugula', temp='cold', value=0.00} on Cold Shelf
Dec 21, 2024 11:25:22 AM InterviewByCompany.Cloudkitchens.Shelf placeOrder
INFO: Initialized Order ID c5ec5a4b-818e-4478-8956-019259be4168 with value 1.00
Dec 21, 2024 11:25:22 AM InterviewByCompany.Cloudkitchens.Shelf placeOrder
INFO: Placed Order{id='4c25f887-03cc-4dcd-9945-6a8102c5ef22', name='Pickles', temp='cold', value=0.00} on Cold Shelf
Dec 21, 2024 11:25:22 AM InterviewByCompany.Cloudkitchens.Shelf placeOrder
INFO: Initialized Order ID 4c25f887-03cc-4dcd-9945-6a8102c5ef22 with value 1.00
Dec 21, 2024 11:25:23 AM InterviewByCompany.Cloudkitchens.Shelf placeOrder
INFO: Placed Order{id='7f2381be-5ab9-4385-a7a2-4a940a22e134', name='Chicken', temp='hot', value=0.00} on Hot Shelf
Dec 21, 2024 11:25:23 AM InterviewByCompany.Cloudkitchens.Shelf placeOrder
INFO: Initialized Order ID 7f2381be-5ab9-4385-a7a2-4a940a22e134 with value 1.00
Dec 21, 2024 11:25:23 AM InterviewByCompany.Cloudkitchens.Shelf placeOrder
INFO: Placed Order{id='75bef98f-89ba-4359-b738-b3184688ca7a', name='Cookie Dough', temp='frozen', value=0.00} on Frozen Shelf
Dec 21, 2024 11:25:23 AM InterviewByCompany.Cloudkitchens.Shelf placeOrder
INFO: Initialized Order ID 75bef98f-89ba-4359-b738-b3184688ca7a with value 1.00
Dec 21, 2024 11:25:24 AM InterviewByCompany.Cloudkitchens.Courier run
INFO: Courier picked up and delivered Order{id='0d74c9f0-4fd5-4606-a1dc-019d9ab52af6', name='Milk', temp='cold', value=1.00} after 3 seconds.
Dec 21, 2024 11:25:24 AM InterviewByCompany.Cloudkitchens.Courier run
INFO: Courier picked up and delivered Order{id='c5ec5a4b-818e-4478-8956-019259be4168', name='Arugula', temp='cold', value=1.00} after 2 seconds.
Dec 21, 2024 11:25:24 AM InterviewByCompany.Cloudkitchens.Shelf placeOrder
INFO: Placed Order{id='60db864b-8270-43ef-9d91-985707390765', name='Hamburger', temp='hot', value=0.00} on Hot Shelf
Dec 21, 2024 11:25:24 AM InterviewByCompany.Cloudkitchens.Shelf placeOrder
INFO: Initialized Order ID 60db864b-8270-43ef-9d91-985707390765 with value 1.00
Dec 21, 2024 11:25:24 AM InterviewByCompany.Cloudkitchens.Courier run
INFO: Courier picked up and delivered Order{id='44e6ea89-f11c-414d-aa72-7c10641eff8d', name='Fudge Ice Cream Cake', temp='frozen', value=0.99} after 6 seconds.
Dec 21, 2024 11:25:24 AM InterviewByCompany.Cloudkitchens.Courier run
INFO: Courier picked up and delivered Order{id='fb850bd3-728f-4118-a097-2bcf3a12c239', name='Vegan Pizza', temp='hot', value=0.98} after 5 seconds.
Dec 21, 2024 11:25:24 AM InterviewByCompany.Cloudkitchens.Shelf placeOrder
INFO: Placed Order{id='22f532ca-dfc8-448a-9e04-7dcfa01a175e', name='French Fries', temp='hot', value=0.00} on Hot Shelf
Dec 21, 2024 11:25:24 AM InterviewByCompany.Cloudkitchens.Shelf placeOrder
INFO: Initialized Order ID 22f532ca-dfc8-448a-9e04-7dcfa01a175e with value 1.00
Dec 21, 2024 11:25:25 AM InterviewByCompany.Cloudkitchens.Courier run
INFO: Courier picked up and delivered Order{id='48465fc7-d534-4b9b-b919-63e5beebd301', name='Mint Chocolate Ice Cream', temp='frozen', value=0.99} after 6 seconds.
Dec 21, 2024 11:25:25 AM InterviewByCompany.Cloudkitchens.Courier run
INFO: Courier picked up and delivered Order{id='7f2381be-5ab9-4385-a7a2-4a940a22e134', name='Chicken', temp='hot', value=0.99} after 2 seconds.
Dec 21, 2024 11:25:25 AM InterviewByCompany.Cloudkitchens.Shelf placeOrder
INFO: Placed Order{id='a0d76390-3e71-440e-a742-20c36a67fa9a', name='Ice', temp='frozen', value=0.00} on Frozen Shelf
Dec 21, 2024 11:25:25 AM InterviewByCompany.Cloudkitchens.Shelf placeOrder
INFO: Initialized Order ID a0d76390-3e71-440e-a742-20c36a67fa9a with value 1.00
Dec 21, 2024 11:25:25 AM InterviewByCompany.Cloudkitchens.Courier run
INFO: Courier picked up and delivered Order{id='68e83bf6-bdee-4192-8905-40140b421bc6', name='MeatLoaf', temp='hot', value=0.99} after 5 seconds.
Dec 21, 2024 11:25:25 AM InterviewByCompany.Cloudkitchens.Courier run
INFO: Courier picked up and delivered Order{id='1b9a920d-2880-44a3-abba-20903f2690d6', name='Pastrami Sandwich', temp='hot', value=0.98} after 4 seconds.
Dec 21, 2024 11:25:25 AM InterviewByCompany.Cloudkitchens.Shelf placeOrder
INFO: Placed Order{id='020ad68f-da34-4eca-ae7e-3b67e80a299c', name='Carne Asada', temp='hot', value=0.00} on Hot Shelf
Dec 21, 2024 11:25:25 AM InterviewByCompany.Cloudkitchens.Shelf placeOrder
INFO: Initialized Order ID 020ad68f-da34-4eca-ae7e-3b67e80a299c with value 1.00
Dec 21, 2024 11:25:25 AM InterviewByCompany.Cloudkitchens.KitchenOrderSystem lambda$main$0
INFO: Running scheduled cleanup of expired orders...
Dec 21, 2024 11:25:26 AM InterviewByCompany.Cloudkitchens.Courier run
INFO: Courier picked up and delivered Order{id='8d6a4d1a-ca56-4567-b3aa-a1e3d20f8017', name='Orange Chicken', temp='hot', value=0.98} after 6 seconds.
Dec 21, 2024 11:25:26 AM InterviewByCompany.Cloudkitchens.Shelf placeOrder
INFO: Placed Order{id='2aab593e-1d1d-4a65-a582-2999f80c3dee', name='Sherbet', temp='frozen', value=0.00} on Frozen Shelf
Dec 21, 2024 11:25:26 AM InterviewByCompany.Cloudkitchens.Shelf placeOrder
INFO: Initialized Order ID 2aab593e-1d1d-4a65-a582-2999f80c3dee with value 1.00
Dec 21, 2024 11:25:26 AM InterviewByCompany.Cloudkitchens.Courier run
INFO: Courier picked up and delivered Order{id='4c25f887-03cc-4dcd-9945-6a8102c5ef22', name='Pickles', temp='cold', value=1.00} after 4 seconds.
Dec 21, 2024 11:25:26 AM InterviewByCompany.Cloudkitchens.Courier run
INFO: Courier picked up and delivered Order{id='75bef98f-89ba-4359-b738-b3184688ca7a', name='Cookie Dough', temp='frozen', value=1.00} after 3 seconds.
Dec 21, 2024 11:25:26 AM InterviewByCompany.Cloudkitchens.Shelf placeOrder
INFO: Placed Order{id='3447acdb-475a-400c-91e0-9724d2043e27', name='Orange Sorbet', temp='frozen', value=0.00} on Frozen Shelf
Dec 21, 2024 11:25:26 AM InterviewByCompany.Cloudkitchens.Shelf placeOrder
INFO: Initialized Order ID 3447acdb-475a-400c-91e0-9724d2043e27 with value 1.00
Dec 21, 2024 11:25:27 AM InterviewByCompany.Cloudkitchens.Shelf placeOrder
INFO: Placed Order{id='f6e68da8-9909-431e-bf1b-88367677a03e', name='Frosty', temp='frozen', value=0.00} on Frozen Shelf
Dec 21, 2024 11:25:27 AM InterviewByCompany.Cloudkitchens.Shelf placeOrder
INFO: Initialized Order ID f6e68da8-9909-431e-bf1b-88367677a03e with value 1.00
Dec 21, 2024 11:25:27 AM InterviewByCompany.Cloudkitchens.Shelf placeOrder
INFO: Placed Order{id='bcd22756-b3ac-473b-93fa-a19cf941bc40', name='Fresh Bread', temp='hot', value=0.00} on Hot Shelf
Dec 21, 2024 11:25:27 AM InterviewByCompany.Cloudkitchens.Shelf placeOrder
INFO: Initialized Order ID bcd22756-b3ac-473b-93fa-a19cf941bc40 with value 1.00
Dec 21, 2024 11:25:28 AM InterviewByCompany.Cloudkitchens.Courier run
INFO: Courier picked up and delivered Order{id='60db864b-8270-43ef-9d91-985707390765', name='Hamburger', temp='hot', value=0.99} after 4 seconds.
Dec 21, 2024 11:25:28 AM InterviewByCompany.Cloudkitchens.Shelf placeOrder
INFO: Placed Order{id='506a5c01-b06b-4af8-a1f2-913f9ae01078', name='Burrito', temp='hot', value=0.00} on Hot Shelf
Dec 21, 2024 11:25:28 AM InterviewByCompany.Cloudkitchens.Shelf placeOrder
INFO: Initialized Order ID 506a5c01-b06b-4af8-a1f2-913f9ae01078 with value 1.00
Dec 21, 2024 11:25:28 AM InterviewByCompany.Cloudkitchens.Courier run
INFO: Courier picked up and delivered Order{id='22f532ca-dfc8-448a-9e04-7dcfa01a175e', name='French Fries', temp='hot', value=0.99} after 4 seconds.
Dec 21, 2024 11:25:28 AM InterviewByCompany.Cloudkitchens.Courier run
INFO: Courier picked up and delivered Order{id='3447acdb-475a-400c-91e0-9724d2043e27', name='Orange Sorbet', temp='frozen', value=0.99} after 2 seconds.
Dec 21, 2024 11:25:28 AM InterviewByCompany.Cloudkitchens.Shelf placeOrder
INFO: Placed Order{id='10ea72c1-b538-4eb8-b260-f58775481a0b', name='Icy', temp='frozen', value=0.00} on Frozen Shelf
Dec 21, 2024 11:25:28 AM InterviewByCompany.Cloudkitchens.Shelf placeOrder
INFO: Initialized Order ID 10ea72c1-b538-4eb8-b260-f58775481a0b with value 1.00
Dec 21, 2024 11:25:29 AM InterviewByCompany.Cloudkitchens.Courier run
INFO: Courier picked up and delivered Order{id='f6e68da8-9909-431e-bf1b-88367677a03e', name='Frosty', temp='frozen', value=0.99} after 2 seconds.
Dec 21, 2024 11:25:29 AM InterviewByCompany.Cloudkitchens.Shelf placeOrder
INFO: Placed Order{id='5e9cb832-6a0a-49fa-8799-8d744b499fce', name='Push Pop', temp='frozen', value=0.00} on Frozen Shelf
Dec 21, 2024 11:25:29 AM InterviewByCompany.Cloudkitchens.Shelf placeOrder
INFO: Initialized Order ID 5e9cb832-6a0a-49fa-8799-8d744b499fce with value 1.00
Dec 21, 2024 11:25:29 AM InterviewByCompany.Cloudkitchens.Shelf placeOrder
INFO: Placed Order{id='a7d778ff-9711-4d3c-b370-6052965f64c0', name='Pasta', temp='hot', value=0.00} on Hot Shelf
Dec 21, 2024 11:25:29 AM InterviewByCompany.Cloudkitchens.Shelf placeOrder
INFO: Initialized Order ID a7d778ff-9711-4d3c-b370-6052965f64c0 with value 1.00
Dec 21, 2024 11:25:30 AM InterviewByCompany.Cloudkitchens.Courier run
INFO: Courier picked up and delivered Order{id='a0d76390-3e71-440e-a742-20c36a67fa9a', name='Ice', temp='frozen', value=0.95} after 5 seconds.
Dec 21, 2024 11:25:30 AM InterviewByCompany.Cloudkitchens.Shelf placeOrder
INFO: Placed Order{id='40990373-5eac-4e15-9634-450886fe3374', name='Chicken Nuggets', temp='hot', value=0.00} on Hot Shelf
Dec 21, 2024 11:25:30 AM InterviewByCompany.Cloudkitchens.Shelf placeOrder
INFO: Initialized Order ID 40990373-5eac-4e15-9634-450886fe3374 with value 1.00
Dec 21, 2024 11:25:30 AM InterviewByCompany.Cloudkitchens.Courier run
INFO: Courier picked up and delivered Order{id='bcd22756-b3ac-473b-93fa-a19cf941bc40', name='Fresh Bread', temp='hot', value=0.99} after 3 seconds.
Dec 21, 2024 11:25:30 AM InterviewByCompany.Cloudkitchens.Shelf placeOrder
INFO: Placed Order{id='3ea0971e-2478-4545-b814-a857fb294a9d', name='Ice Cream Sandwich', temp='frozen', value=0.00} on Frozen Shelf
Dec 21, 2024 11:25:30 AM InterviewByCompany.Cloudkitchens.Shelf placeOrder
INFO: Initialized Order ID 3ea0971e-2478-4545-b814-a857fb294a9d with value 1.00
Dec 21, 2024 11:25:31 AM InterviewByCompany.Cloudkitchens.Courier run
INFO: Courier picked up and delivered Order{id='2aab593e-1d1d-4a65-a582-2999f80c3dee', name='Sherbet', temp='frozen', value=0.98} after 5 seconds.
Dec 21, 2024 11:25:31 AM InterviewByCompany.Cloudkitchens.Courier run
INFO: Courier picked up and delivered Order{id='506a5c01-b06b-4af8-a1f2-913f9ae01078', name='Burrito', temp='hot', value=0.99} after 3 seconds.
Dec 21, 2024 11:25:31 AM InterviewByCompany.Cloudkitchens.Shelf placeOrder
INFO: Placed Order{id='33bcf189-ba71-48ab-a2d5-75c18d180269', name='Taco', temp='hot', value=0.00} on Hot Shelf
Dec 21, 2024 11:25:31 AM InterviewByCompany.Cloudkitchens.Shelf placeOrder
INFO: Initialized Order ID 33bcf189-ba71-48ab-a2d5-75c18d180269 with value 1.00
Dec 21, 2024 11:25:31 AM InterviewByCompany.Cloudkitchens.Courier run
INFO: Courier picked up and delivered Order{id='020ad68f-da34-4eca-ae7e-3b67e80a299c', name='Carne Asada', temp='hot', value=0.98} after 6 seconds.
Dec 21, 2024 11:25:31 AM InterviewByCompany.Cloudkitchens.Shelf placeOrder
INFO: Placed Order{id='22fc8ae6-74f7-467f-8735-774d579a2ae0', name='Tomato Soup', temp='hot', value=0.00} on Hot Shelf
Dec 21, 2024 11:25:31 AM InterviewByCompany.Cloudkitchens.Shelf placeOrder
INFO: Initialized Order ID 22fc8ae6-74f7-467f-8735-774d579a2ae0 with value 1.00
Dec 21, 2024 11:25:32 AM InterviewByCompany.Cloudkitchens.Courier run
INFO: Courier picked up and delivered Order{id='5e9cb832-6a0a-49fa-8799-8d744b499fce', name='Push Pop', temp='frozen', value=0.99} after 3 seconds.
Dec 21, 2024 11:25:32 AM InterviewByCompany.Cloudkitchens.Shelf placeOrder
INFO: Placed Order{id='19de820c-4691-420c-ad67-95ec7f5abc2d', name='Vanilla Ice Cream', temp='frozen', value=0.00} on Frozen Shelf
Dec 21, 2024 11:25:32 AM InterviewByCompany.Cloudkitchens.Shelf placeOrder
INFO: Initialized Order ID 19de820c-4691-420c-ad67-95ec7f5abc2d with value 1.00
Dec 21, 2024 11:25:32 AM InterviewByCompany.Cloudkitchens.Shelf placeOrder
INFO: Placed Order{id='3b62609c-38f2-499e-a9b1-c3604dad425d', name='Poppers', temp='hot', value=0.00} on Hot Shelf
Dec 21, 2024 11:25:32 AM InterviewByCompany.Cloudkitchens.Shelf placeOrder
INFO: Initialized Order ID 3b62609c-38f2-499e-a9b1-c3604dad425d with value 1.00
Dec 21, 2024 11:25:33 AM InterviewByCompany.Cloudkitchens.Courier run
INFO: Courier picked up and delivered Order{id='40990373-5eac-4e15-9634-450886fe3374', name='Chicken Nuggets', temp='hot', value=0.99} after 3 seconds.
Dec 21, 2024 11:25:33 AM InterviewByCompany.Cloudkitchens.Shelf placeOrder
INFO: Placed Order{id='df79a7e4-d3f9-450c-b2e3-316fb462db29', name='Popsicle', temp='frozen', value=0.00} on Frozen Shelf
Dec 21, 2024 11:25:33 AM InterviewByCompany.Cloudkitchens.Shelf placeOrder
INFO: Initialized Order ID df79a7e4-d3f9-450c-b2e3-316fb462db29 with value 1.00
Dec 21, 2024 11:25:33 AM InterviewByCompany.Cloudkitchens.Courier run
INFO: Courier picked up and delivered Order{id='10ea72c1-b538-4eb8-b260-f58775481a0b', name='Icy', temp='frozen', value=0.99} after 5 seconds.
Dec 21, 2024 11:25:33 AM InterviewByCompany.Cloudkitchens.Courier run
INFO: Courier picked up and delivered Order{id='3ea0971e-2478-4545-b814-a857fb294a9d', name='Ice Cream Sandwich', temp='frozen', value=0.99} after 3 seconds.
Dec 21, 2024 11:25:33 AM InterviewByCompany.Cloudkitchens.Courier run
INFO: Courier picked up and delivered Order{id='22fc8ae6-74f7-467f-8735-774d579a2ae0', name='Tomato Soup', temp='hot', value=0.99} after 2 seconds.
Dec 21, 2024 11:25:33 AM InterviewByCompany.Cloudkitchens.Shelf placeOrder
INFO: Placed Order{id='d5fbbee2-09a7-459e-9621-33a66cdbf3ab', name='Strawberries', temp='frozen', value=0.00} on Frozen Shelf
Dec 21, 2024 11:25:33 AM InterviewByCompany.Cloudkitchens.Shelf placeOrder
INFO: Initialized Order ID d5fbbee2-09a7-459e-9621-33a66cdbf3ab with value 1.00
Dec 21, 2024 11:25:34 AM InterviewByCompany.Cloudkitchens.Courier run
INFO: Courier picked up and delivered Order{id='33bcf189-ba71-48ab-a2d5-75c18d180269', name='Taco', temp='hot', value=0.99} after 3 seconds.
Dec 21, 2024 11:25:34 AM InterviewByCompany.Cloudkitchens.Shelf placeOrder
INFO: Placed Order{id='69ad8b1c-3218-4c41-aa42-5aca43ca4173', name='Brown Rice', temp='hot', value=0.00} on Hot Shelf
Dec 21, 2024 11:25:34 AM InterviewByCompany.Cloudkitchens.Shelf placeOrder
INFO: Initialized Order ID 69ad8b1c-3218-4c41-aa42-5aca43ca4173 with value 1.00
Dec 21, 2024 11:25:34 AM InterviewByCompany.Cloudkitchens.Courier run
INFO: Courier picked up and delivered Order{id='3b62609c-38f2-499e-a9b1-c3604dad425d', name='Poppers', temp='hot', value=0.99} after 2 seconds.
Dec 21, 2024 11:25:34 AM InterviewByCompany.Cloudkitchens.Shelf placeOrder
INFO: Placed Order{id='68037649-56cd-4f0f-90fd-6e6ccbf61b37', name='Cheese Pizza', temp='hot', value=0.00} on Hot Shelf
Dec 21, 2024 11:25:34 AM InterviewByCompany.Cloudkitchens.Shelf placeOrder
INFO: Initialized Order ID 68037649-56cd-4f0f-90fd-6e6ccbf61b37 with value 1.00
Dec 21, 2024 11:25:35 AM InterviewByCompany.Cloudkitchens.Shelf placeOrder
INFO: Placed Order{id='5bd1e697-10b2-48cf-83c4-033eea97bfb2', name='Pressed Juice', temp='cold', value=0.00} on Cold Shelf
Dec 21, 2024 11:25:35 AM InterviewByCompany.Cloudkitchens.Shelf placeOrder
INFO: Initialized Order ID 5bd1e697-10b2-48cf-83c4-033eea97bfb2 with value 1.00
Dec 21, 2024 11:25:35 AM InterviewByCompany.Cloudkitchens.KitchenOrderSystem lambda$main$0
INFO: Running scheduled cleanup of expired orders...
Dec 21, 2024 11:25:35 AM InterviewByCompany.Cloudkitchens.Courier run
INFO: Courier picked up and delivered Order{id='a7d778ff-9711-4d3c-b370-6052965f64c0', name='Pasta', temp='hot', value=0.98} after 6 seconds.
Dec 21, 2024 11:25:35 AM InterviewByCompany.Cloudkitchens.Shelf placeOrder
INFO: Placed Order{id='228ec414-19ca-41e4-8d6c-bd2b0662bfa3', name='Coconut', temp='cold', value=0.00} on Cold Shelf
Dec 21, 2024 11:25:35 AM InterviewByCompany.Cloudkitchens.Shelf placeOrder
INFO: Initialized Order ID 228ec414-19ca-41e4-8d6c-bd2b0662bfa3 with value 1.00
Dec 21, 2024 11:25:36 AM InterviewByCompany.Cloudkitchens.Shelf placeOrder
INFO: Placed Order{id='b1315bfb-4528-4ae2-b6ed-adb03a25b94a', name='Onion Rings', temp='hot', value=0.00} on Hot Shelf
Dec 21, 2024 11:25:36 AM InterviewByCompany.Cloudkitchens.Shelf placeOrder
INFO: Initialized Order ID b1315bfb-4528-4ae2-b6ed-adb03a25b94a with value 1.00
Dec 21, 2024 11:25:36 AM InterviewByCompany.Cloudkitchens.Shelf placeOrder
INFO: Placed Order{id='eafcb22b-0f68-4773-80ba-f163b191578f', name='Fish Tacos', temp='hot', value=0.00} on Hot Shelf
Dec 21, 2024 11:25:36 AM InterviewByCompany.Cloudkitchens.Shelf placeOrder
INFO: Initialized Order ID eafcb22b-0f68-4773-80ba-f163b191578f with value 1.00
Dec 21, 2024 11:25:37 AM InterviewByCompany.Cloudkitchens.Courier run
INFO: Courier picked up and delivered Order{id='19de820c-4691-420c-ad67-95ec7f5abc2d', name='Vanilla Ice Cream', temp='frozen', value=0.99} after 5 seconds.
Dec 21, 2024 11:25:37 AM InterviewByCompany.Cloudkitchens.Courier run
INFO: Courier picked up and delivered Order{id='df79a7e4-d3f9-450c-b2e3-316fb462db29', name='Popsicle', temp='frozen', value=0.99} after 4 seconds.
Dec 21, 2024 11:25:37 AM InterviewByCompany.Cloudkitchens.Courier run
INFO: Courier picked up and delivered Order{id='69ad8b1c-3218-4c41-aa42-5aca43ca4173', name='Brown Rice', temp='hot', value=0.99} after 3 seconds.
Dec 21, 2024 11:25:37 AM InterviewByCompany.Cloudkitchens.Courier run
INFO: Courier picked up and delivered Order{id='5bd1e697-10b2-48cf-83c4-033eea97bfb2', name='Pressed Juice', temp='cold', value=1.00} after 2 seconds.
Dec 21, 2024 11:25:37 AM InterviewByCompany.Cloudkitchens.Shelf placeOrder
INFO: Placed Order{id='b25914fa-c5b0-4aa6-a0f5-fcc76203bba5', name='Pot Stickers', temp='hot', value=0.00} on Hot Shelf
Dec 21, 2024 11:25:37 AM InterviewByCompany.Cloudkitchens.Shelf placeOrder
INFO: Initialized Order ID b25914fa-c5b0-4aa6-a0f5-fcc76203bba5 with value 1.00
Dec 21, 2024 11:25:37 AM InterviewByCompany.Cloudkitchens.Courier run
INFO: Courier picked up and delivered Order{id='68037649-56cd-4f0f-90fd-6e6ccbf61b37', name='Cheese Pizza', temp='hot', value=0.99} after 3 seconds.
Dec 21, 2024 11:25:37 AM InterviewByCompany.Cloudkitchens.Shelf placeOrder
INFO: Placed Order{id='03267ca9-47fd-4d16-bba7-a650cc7660b6', name='Kombucha', temp='cold', value=0.00} on Cold Shelf
Dec 21, 2024 11:25:37 AM InterviewByCompany.Cloudkitchens.Shelf placeOrder
INFO: Initialized Order ID 03267ca9-47fd-4d16-bba7-a650cc7660b6 with value 1.00
Dec 21, 2024 11:25:38 AM InterviewByCompany.Cloudkitchens.Shelf placeOrder
INFO: Placed Order{id='9012736d-777b-4f5b-a12d-982e302fefa1', name='Mixed Greens', temp='cold', value=0.00} on Cold Shelf
Dec 21, 2024 11:25:38 AM InterviewByCompany.Cloudkitchens.Shelf placeOrder
INFO: Initialized Order ID 9012736d-777b-4f5b-a12d-982e302fefa1 with value 1.00
Dec 21, 2024 11:25:38 AM InterviewByCompany.Cloudkitchens.Courier run
INFO: Courier picked up and delivered Order{id='d5fbbee2-09a7-459e-9621-33a66cdbf3ab', name='Strawberries', temp='frozen', value=1.00} after 5 seconds.
Dec 21, 2024 11:25:38 AM InterviewByCompany.Cloudkitchens.Courier run
INFO: Courier picked up and delivered Order{id='228ec414-19ca-41e4-8d6c-bd2b0662bfa3', name='Coconut', temp='cold', value=1.00} after 3 seconds.
Dec 21, 2024 11:25:38 AM InterviewByCompany.Cloudkitchens.Shelf placeOrder
INFO: Placed Order{id='f21bf58b-e23b-491f-a285-d70cb21cc36f', name='Sushi', temp='cold', value=0.00} on Cold Shelf
Dec 21, 2024 11:25:38 AM InterviewByCompany.Cloudkitchens.Shelf placeOrder
INFO: Initialized Order ID f21bf58b-e23b-491f-a285-d70cb21cc36f with value 1.00
Dec 21, 2024 11:25:39 AM InterviewByCompany.Cloudkitchens.Shelf placeOrder
INFO: Placed Order{id='057bc043-5f22-4169-9711-c6e2488b35f7', name='Apples', temp='cold', value=0.00} on Cold Shelf
Dec 21, 2024 11:25:39 AM InterviewByCompany.Cloudkitchens.Shelf placeOrder
INFO: Initialized Order ID 057bc043-5f22-4169-9711-c6e2488b35f7 with value 1.00
Dec 21, 2024 11:25:39 AM InterviewByCompany.Cloudkitchens.Shelf placeOrder
INFO: Placed Order{id='7f682ade-8375-4ef4-aa9b-45440f361268', name='Kebab', temp='hot', value=0.00} on Hot Shelf
Dec 21, 2024 11:25:39 AM InterviewByCompany.Cloudkitchens.Shelf placeOrder
INFO: Initialized Order ID 7f682ade-8375-4ef4-aa9b-45440f361268 with value 1.00
Dec 21, 2024 11:25:40 AM InterviewByCompany.Cloudkitchens.Courier run
INFO: Courier picked up and delivered Order{id='b25914fa-c5b0-4aa6-a0f5-fcc76203bba5', name='Pot Stickers', temp='hot', value=0.99} after 3 seconds.
Dec 21, 2024 11:25:40 AM InterviewByCompany.Cloudkitchens.Courier run
INFO: Courier picked up and delivered Order{id='9012736d-777b-4f5b-a12d-982e302fefa1', name='Mixed Greens', temp='cold', value=1.00} after 2 seconds.
Dec 21, 2024 11:25:40 AM InterviewByCompany.Cloudkitchens.Shelf placeOrder
INFO: Placed Order{id='0d841704-92a0-44e1-aaf8-02a8ee920775', name='Mac & Cheese', temp='hot', value=0.00} on Hot Shelf
Dec 21, 2024 11:25:40 AM InterviewByCompany.Cloudkitchens.Shelf placeOrder
INFO: Initialized Order ID 0d841704-92a0-44e1-aaf8-02a8ee920775 with value 1.00
Dec 21, 2024 11:25:40 AM InterviewByCompany.Cloudkitchens.Courier run
INFO: Courier picked up and delivered Order{id='eafcb22b-0f68-4773-80ba-f163b191578f', name='Fish Tacos', temp='hot', value=0.99} after 4 seconds.
Dec 21, 2024 11:25:40 AM InterviewByCompany.Cloudkitchens.Shelf placeOrder
INFO: Placed Order{id='7f89b973-d4fd-4d6e-a279-afc2db6b3304', name='Corn Dog', temp='hot', value=0.00} on Hot Shelf
Dec 21, 2024 11:25:40 AM InterviewByCompany.Cloudkitchens.Shelf placeOrder
INFO: Initialized Order ID 7f89b973-d4fd-4d6e-a279-afc2db6b3304 with value 1.00
Dec 21, 2024 11:25:41 AM InterviewByCompany.Cloudkitchens.Courier run
INFO: Courier picked up and delivered Order{id='b1315bfb-4528-4ae2-b6ed-adb03a25b94a', name='Onion Rings', temp='hot', value=0.98} after 5 seconds.
Dec 21, 2024 11:25:41 AM InterviewByCompany.Cloudkitchens.Shelf placeOrder
INFO: Placed Order{id='2a23c77f-3ee3-4a52-8810-93e73df4e887', name='Grilled Corn Salad', temp='cold', value=0.00} on Cold Shelf
Dec 21, 2024 11:25:41 AM InterviewByCompany.Cloudkitchens.Shelf placeOrder
INFO: Initialized Order ID 2a23c77f-3ee3-4a52-8810-93e73df4e887 with value 1.00
Dec 21, 2024 11:25:41 AM InterviewByCompany.Cloudkitchens.Courier run
INFO: Courier picked up and delivered Order{id='03267ca9-47fd-4d16-bba7-a650cc7660b6', name='Kombucha', temp='cold', value=1.00} after 4 seconds.
Dec 21, 2024 11:25:41 AM InterviewByCompany.Cloudkitchens.Shelf placeOrder
INFO: Placed Order{id='4f304b59-6634-4558-a128-a8ce12b1f818', name='Pistachio Ice Cream', temp='frozen', value=0.00} on Frozen Shelf
Dec 21, 2024 11:25:41 AM InterviewByCompany.Cloudkitchens.Shelf placeOrder
INFO: Initialized Order ID 4f304b59-6634-4558-a128-a8ce12b1f818 with value 1.00
Dec 21, 2024 11:25:42 AM InterviewByCompany.Cloudkitchens.OrderProducer run
INFO: All orders have been ingested.
Dec 21, 2024 11:25:42 AM InterviewByCompany.Cloudkitchens.Courier run
INFO: Courier picked up and delivered Order{id='f21bf58b-e23b-491f-a285-d70cb21cc36f', name='Sushi', temp='cold', value=1.00} after 4 seconds.
Dec 21, 2024 11:25:42 AM InterviewByCompany.Cloudkitchens.Courier run
INFO: Courier picked up and delivered Order{id='7f682ade-8375-4ef4-aa9b-45440f361268', name='Kebab', temp='hot', value=0.99} after 3 seconds.
Dec 21, 2024 11:25:42 AM InterviewByCompany.Cloudkitchens.Courier run
INFO: Courier picked up and delivered Order{id='7f89b973-d4fd-4d6e-a279-afc2db6b3304', name='Corn Dog', temp='hot', value=1.00} after 2 seconds.
Dec 21, 2024 11:25:43 AM InterviewByCompany.Cloudkitchens.Courier run
INFO: Courier picked up and delivered Order{id='4f304b59-6634-4558-a128-a8ce12b1f818', name='Pistachio Ice Cream', temp='frozen', value=1.00} after 2 seconds.
Dec 21, 2024 11:25:44 AM InterviewByCompany.Cloudkitchens.Courier run
INFO: Courier picked up and delivered Order{id='057bc043-5f22-4169-9711-c6e2488b35f7', name='Apples', temp='cold', value=1.00} after 5 seconds.
Dec 21, 2024 11:25:44 AM InterviewByCompany.Cloudkitchens.Courier run
INFO: Courier picked up and delivered Order{id='2a23c77f-3ee3-4a52-8810-93e73df4e887', name='Grilled Corn Salad', temp='cold', value=1.00} after 3 seconds.
Dec 21, 2024 11:25:46 AM InterviewByCompany.Cloudkitchens.Courier run
INFO: Courier picked up and delivered Order{id='0d841704-92a0-44e1-aaf8-02a8ee920775', name='Mac & Cheese', temp='hot', value=0.99} after 6 seconds.
Dec 21, 2024 11:25:46 AM InterviewByCompany.Cloudkitchens.KitchenOrderSystem main
INFO: 
Final Shelf Status:
Dec 21, 2024 11:25:46 AM InterviewByCompany.Cloudkitchens.KitchenOrderSystem main
INFO: Hot Shelf (0 orders):
Dec 21, 2024 11:25:46 AM InterviewByCompany.Cloudkitchens.KitchenOrderSystem main
INFO: Overflow Shelf (0 orders):
Dec 21, 2024 11:25:46 AM InterviewByCompany.Cloudkitchens.KitchenOrderSystem main
INFO: Frozen Shelf (0 orders):
Dec 21, 2024 11:25:46 AM InterviewByCompany.Cloudkitchens.KitchenOrderSystem main
INFO: Cold Shelf (0 orders):
Dec 21, 2024 11:25:46 AM InterviewByCompany.Cloudkitchens.KitchenOrderSystem main
INFO: 
System terminating.
